This is XeTeX, Version 3.14159265-2.6-0.999992 (TeX Live 2020/W32TeX) (preloaded format=xelatex 2020.9.2)  23 SEP 2020 13:49
entering extended mode
 restricted \write18 enabled.
 %&-line parsing enabled.
**Verification-Project-JASP.tex
(./Verification-Project-JASP.tex
LaTeX2e <2020-02-02> patch level 5
L3 programming layer <2020-08-07> (c:/Users/Jonee/AppData/Roaming/TinyTeX/texmf
-dist/tex/latex/base/book.cls
Document Class: book 2019/12/20 v1.4l Standard LaTeX document class
(c:/Users/Jonee/AppData/Roaming/TinyTeX/texmf-dist/tex/latex/base/bk10.clo
File: bk10.clo 2019/12/20 v1.4l Standard LaTeX file (size option)
)
\c@part=\count164
\c@chapter=\count165
\c@section=\count166
\c@subsection=\count167
\c@subsubsection=\count168
\c@paragraph=\count169
\c@subparagraph=\count170
\c@figure=\count171
\c@table=\count172
\abovecaptionskip=\skip47
\belowcaptionskip=\skip48
\bibindent=\dimen134
) (c:/Users/Jonee/AppData/Roaming/TinyTeX/texmf-dist/tex/latex/lm/lmodern.sty
Package: lmodern 2009/10/30 v1.6 Latin Modern Fonts
LaTeX Font Info:    Overwriting symbol font `operators' in version `normal'
(Font)                  OT1/cmr/m/n --> OT1/lmr/m/n on input line 22.
LaTeX Font Info:    Overwriting symbol font `letters' in version `normal'
(Font)                  OML/cmm/m/it --> OML/lmm/m/it on input line 23.
LaTeX Font Info:    Overwriting symbol font `symbols' in version `normal'
(Font)                  OMS/cmsy/m/n --> OMS/lmsy/m/n on input line 24.
LaTeX Font Info:    Overwriting symbol font `largesymbols' in version `normal'
(Font)                  OMX/cmex/m/n --> OMX/lmex/m/n on input line 25.
LaTeX Font Info:    Overwriting symbol font `operators' in version `bold'
(Font)                  OT1/cmr/bx/n --> OT1/lmr/bx/n on input line 26.
LaTeX Font Info:    Overwriting symbol font `letters' in version `bold'
(Font)                  OML/cmm/b/it --> OML/lmm/b/it on input line 27.
LaTeX Font Info:    Overwriting symbol font `symbols' in version `bold'
(Font)                  OMS/cmsy/b/n --> OMS/lmsy/b/n on input line 28.
LaTeX Font Info:    Overwriting symbol font `largesymbols' in version `bold'
(Font)                  OMX/cmex/m/n --> OMX/lmex/m/n on input line 29.
LaTeX Font Info:    Overwriting math alphabet `\mathbf' in version `normal'
(Font)                  OT1/cmr/bx/n --> OT1/lmr/bx/n on input line 31.
LaTeX Font Info:    Overwriting math alphabet `\mathsf' in version `normal'
(Font)                  OT1/cmss/m/n --> OT1/lmss/m/n on input line 32.
LaTeX Font Info:    Overwriting math alphabet `\mathit' in version `normal'
(Font)                  OT1/cmr/m/it --> OT1/lmr/m/it on input line 33.
LaTeX Font Info:    Overwriting math alphabet `\mathtt' in version `normal'
(Font)                  OT1/cmtt/m/n --> OT1/lmtt/m/n on input line 34.
LaTeX Font Info:    Overwriting math alphabet `\mathbf' in version `bold'
(Font)                  OT1/cmr/bx/n --> OT1/lmr/bx/n on input line 35.
LaTeX Font Info:    Overwriting math alphabet `\mathsf' in version `bold'
(Font)                  OT1/cmss/bx/n --> OT1/lmss/bx/n on input line 36.
LaTeX Font Info:    Overwriting math alphabet `\mathit' in version `bold'
(Font)                  OT1/cmr/bx/it --> OT1/lmr/bx/it on input line 37.
LaTeX Font Info:    Overwriting math alphabet `\mathtt' in version `bold'
(Font)                  OT1/cmtt/m/n --> OT1/lmtt/m/n on input line 38.
)
(c:/Users/Jonee/AppData/Roaming/TinyTeX/texmf-dist/tex/latex/amsfonts/amssymb.s
ty
Package: amssymb 2013/01/14 v3.01 AMS font symbols

(c:/Users/Jonee/AppData/Roaming/TinyTeX/texmf-dist/tex/latex/amsfonts/amsfonts.
sty
Package: amsfonts 2013/01/14 v3.01 Basic AMSFonts support
\@emptytoks=\toks15
\symAMSa=\mathgroup4
\symAMSb=\mathgroup5
LaTeX Font Info:    Redeclaring math symbol \hbar on input line 98.
LaTeX Font Info:    Overwriting math alphabet `\mathfrak' in version `bold'
(Font)                  U/euf/m/n --> U/euf/b/n on input line 106.
))
(c:/Users/Jonee/AppData/Roaming/TinyTeX/texmf-dist/tex/latex/amsmath/amsmath.st
y
Package: amsmath 2020/01/20 v2.17e AMS math features
\@mathmargin=\skip49
For additional information on amsmath, use the `?' option.

(c:/Users/Jonee/AppData/Roaming/TinyTeX/texmf-dist/tex/latex/amsmath/amstext.st
y
Package: amstext 2000/06/29 v2.01 AMS text

(c:/Users/Jonee/AppData/Roaming/TinyTeX/texmf-dist/tex/latex/amsmath/amsgen.sty
File: amsgen.sty 1999/11/30 v2.0 generic functions
\@emptytoks=\toks16
\ex@=\dimen135
))
(c:/Users/Jonee/AppData/Roaming/TinyTeX/texmf-dist/tex/latex/amsmath/amsbsy.sty
Package: amsbsy 1999/11/29 v1.2d Bold Symbols
\pmbraise@=\dimen136
)
(c:/Users/Jonee/AppData/Roaming/TinyTeX/texmf-dist/tex/latex/amsmath/amsopn.sty
Package: amsopn 2016/03/08 v2.02 operator names
)
\inf@bad=\count173
LaTeX Info: Redefining \frac on input line 227.
\uproot@=\count174
\leftroot@=\count175
LaTeX Info: Redefining \overline on input line 389.
\classnum@=\count176
\DOTSCASE@=\count177
LaTeX Info: Redefining \ldots on input line 486.
LaTeX Info: Redefining \dots on input line 489.
LaTeX Info: Redefining \cdots on input line 610.
\Mathstrutbox@=\box45
\strutbox@=\box46
\big@size=\dimen137
LaTeX Font Info:    Redeclaring font encoding OML on input line 733.
LaTeX Font Info:    Redeclaring font encoding OMS on input line 734.
\macc@depth=\count178
\c@MaxMatrixCols=\count179
\dotsspace@=\muskip16
\c@parentequation=\count180
\dspbrk@lvl=\count181
\tag@help=\toks17
\row@=\count182
\column@=\count183
\maxfields@=\count184
\andhelp@=\toks18
\eqnshift@=\dimen138
\alignsep@=\dimen139
\tagshift@=\dimen140
\tagwidth@=\dimen141
\totwidth@=\dimen142
\lineht@=\dimen143
\@envbody=\toks19
\multlinegap=\skip50
\multlinetaggap=\skip51
\mathdisplay@stack=\toks20
LaTeX Info: Redefining \[ on input line 2859.
LaTeX Info: Redefining \] on input line 2860.
)
(c:/Users/Jonee/AppData/Roaming/TinyTeX/texmf-dist/tex/generic/iftex/ifxetex.st
y
Package: ifxetex 2019/10/25 v0.7 ifxetex legacy package. Use iftex instead.
(c:/Users/Jonee/AppData/Roaming/TinyTeX/texmf-dist/tex/generic/iftex/iftex.sty
Package: iftex 2020/03/06 v1.0d TeX engine tests
))
(c:/Users/Jonee/AppData/Roaming/TinyTeX/texmf-dist/tex/generic/iftex/ifluatex.s
ty
Package: ifluatex 2019/10/25 v1.5 ifluatex legacy package. Use iftex instead.
)
(c:/Users/Jonee/AppData/Roaming/TinyTeX/texmf-dist/tex/latex/unicode-math/unico
de-math.sty
(c:/Users/Jonee/AppData/Roaming/TinyTeX/texmf-dist/tex/latex/l3kernel/expl3.sty
Package: expl3 2020-08-07 L3 programming layer (loader) 

(c:/Users/Jonee/AppData/Roaming/TinyTeX/texmf-dist/tex/latex/l3backend/l3backen
d-xdvipdfmx.def
File: l3backend-xdvipdfmx.def 2020-08-07 L3 backend support: xdvipdfmx
\g__graphics_track_int=\count185
\l__pdf_internal_box=\box47
\g__pdf_backend_object_int=\count186
\g__pdf_backend_annotation_int=\count187
))
Package: unicode-math 2020/01/31 v0.8q Unicode maths in XeLaTeX and LuaLaTeX

(c:/Users/Jonee/AppData/Roaming/TinyTeX/texmf-dist/tex/latex/unicode-math/unico
de-math-xetex.sty
Package: unicode-math-xetex 2020/01/31 v0.8q Unicode maths in XeLaTeX and LuaLa
TeX

(c:/Users/Jonee/AppData/Roaming/TinyTeX/texmf-dist/tex/latex/l3packages/xparse/
xparse.sty
Package: xparse 2020-05-15 L3 Experimental document command parser

(c:/Users/Jonee/AppData/Roaming/TinyTeX/texmf-dist/tex/latex/l3packages/xparse/
xparse-generic.tex
\l__xparse_current_arg_int=\count188
\g__xparse_grabber_int=\count189
\l__xparse_m_args_int=\count190
\l__xparse_v_nesting_int=\count191
))
(c:/Users/Jonee/AppData/Roaming/TinyTeX/texmf-dist/tex/latex/l3packages/l3keys2
e/l3keys2e.sty
Package: l3keys2e 2020-05-15 LaTeX2e option processing using LaTeX3 keys
)
(c:/Users/Jonee/AppData/Roaming/TinyTeX/texmf-dist/tex/latex/fontspec/fontspec.
sty
Package: fontspec 2020/02/21 v2.7i Font selection for XeLaTeX and LuaLaTeX

(c:/Users/Jonee/AppData/Roaming/TinyTeX/texmf-dist/tex/latex/fontspec/fontspec-
xetex.sty
Package: fontspec-xetex 2020/02/21 v2.7i Font selection for XeLaTeX and LuaLaTe
X
\l__fontspec_script_int=\count192
\l__fontspec_language_int=\count193
\l__fontspec_strnum_int=\count194
\l__fontspec_tmp_int=\count195
\l__fontspec_tmpa_int=\count196
\l__fontspec_tmpb_int=\count197
\l__fontspec_tmpc_int=\count198
\l__fontspec_em_int=\count199
\l__fontspec_emdef_int=\count266
\l__fontspec_strong_int=\count267
\l__fontspec_strongdef_int=\count268
\l__fontspec_tmpa_dim=\dimen144
\l__fontspec_tmpb_dim=\dimen145
\l__fontspec_tmpc_dim=\dimen146
(c:/Users/Jonee/AppData/Roaming/TinyTeX/texmf-dist/tex/latex/base/fontenc.sty
Package: fontenc 2020/02/11 v2.0o Standard LaTeX package
)
(c:/Users/Jonee/AppData/Roaming/TinyTeX/texmf-dist/tex/latex/fontspec/fontspec.
cfg))) (c:/Users/Jonee/AppData/Roaming/TinyTeX/texmf-dist/tex/latex/base/fix-cm
.sty
Package: fix-cm 2015/01/14 v1.1t fixes to LaTeX
(c:/Users/Jonee/AppData/Roaming/TinyTeX/texmf-dist/tex/latex/base/ts1enc.def
File: ts1enc.def 2001/06/05 v3.0e (jk/car/fm) Standard LaTeX file
LaTeX Font Info:    Redeclaring font encoding TS1 on input line 47.
))
\g__um_fam_int=\count269
\g__um_fonts_used_int=\count270
\l__um_primecount_int=\count271
\g__um_primekern_muskip=\muskip17

(c:/Users/Jonee/AppData/Roaming/TinyTeX/texmf-dist/tex/latex/unicode-math/unico
de-math-table.tex))) (c:/Users/Jonee/AppData/Roaming/TinyTeX/texmf-dist/tex/lat
ex/xcolor/xcolor.sty
Package: xcolor 2016/05/11 v2.12 LaTeX color extensions (UK)

(c:/Users/Jonee/AppData/Roaming/TinyTeX/texmf-dist/tex/latex/graphics-cfg/color
.cfg
File: color.cfg 2016/01/02 v1.6 sample color configuration
)
Package xcolor Info: Driver file: xetex.def on input line 225.

(c:/Users/Jonee/AppData/Roaming/TinyTeX/texmf-dist/tex/latex/graphics-def/xetex
.def
File: xetex.def 2020/08/26 v5.0i Graphics/color driver for xetex
)
Package xcolor Info: Model `cmy' substituted by `cmy0' on input line 1348.
Package xcolor Info: Model `RGB' extended on input line 1364.
Package xcolor Info: Model `HTML' substituted by `rgb' on input line 1366.
Package xcolor Info: Model `Hsb' substituted by `hsb' on input line 1367.
Package xcolor Info: Model `tHsb' substituted by `hsb' on input line 1368.
Package xcolor Info: Model `HSB' substituted by `hsb' on input line 1369.
Package xcolor Info: Model `Gray' substituted by `gray' on input line 1370.
Package xcolor Info: Model `wave' substituted by `hsb' on input line 1371.
)
(c:/Users/Jonee/AppData/Roaming/TinyTeX/texmf-dist/tex/latex/hyperref/hyperref.
sty
Package: hyperref 2020-05-15 v7.00e Hypertext links for LaTeX

(c:/Users/Jonee/AppData/Roaming/TinyTeX/texmf-dist/tex/generic/ltxcmds/ltxcmds.
sty
Package: ltxcmds 2019/12/15 v1.24 LaTeX kernel commands for general use (HO)
)
(c:/Users/Jonee/AppData/Roaming/TinyTeX/texmf-dist/tex/generic/pdftexcmds/pdfte
xcmds.sty
Package: pdftexcmds 2020-06-27 v0.33 Utility functions of pdfTeX for LuaTeX (HO
)

(c:/Users/Jonee/AppData/Roaming/TinyTeX/texmf-dist/tex/generic/infwarerr/infwar
err.sty
Package: infwarerr 2019/12/03 v1.5 Providing info/warning/error messages (HO)
)
Package pdftexcmds Info: \pdf@primitive is available.
Package pdftexcmds Info: \pdf@ifprimitive is available.
Package pdftexcmds Info: \pdfdraftmode not found.
)
(c:/Users/Jonee/AppData/Roaming/TinyTeX/texmf-dist/tex/latex/graphics/keyval.st
y
Package: keyval 2014/10/28 v1.15 key=value parser (DPC)
\KV@toks@=\toks21
)
(c:/Users/Jonee/AppData/Roaming/TinyTeX/texmf-dist/tex/generic/kvsetkeys/kvsetk
eys.sty
Package: kvsetkeys 2019/12/15 v1.18 Key value parser (HO)
)
(c:/Users/Jonee/AppData/Roaming/TinyTeX/texmf-dist/tex/generic/kvdefinekeys/kvd
efinekeys.sty
Package: kvdefinekeys 2019-12-19 v1.6 Define keys (HO)
)
(c:/Users/Jonee/AppData/Roaming/TinyTeX/texmf-dist/tex/generic/pdfescape/pdfesc
ape.sty
Package: pdfescape 2019/12/09 v1.15 Implements pdfTeX's escape features (HO)
)
(c:/Users/Jonee/AppData/Roaming/TinyTeX/texmf-dist/tex/latex/hycolor/hycolor.st
y
Package: hycolor 2020-01-27 v1.10 Color options for hyperref/bookmark (HO)
)
(c:/Users/Jonee/AppData/Roaming/TinyTeX/texmf-dist/tex/latex/letltxmacro/letltx
macro.sty
Package: letltxmacro 2019/12/03 v1.6 Let assignment for LaTeX macros (HO)
)
(c:/Users/Jonee/AppData/Roaming/TinyTeX/texmf-dist/tex/latex/auxhook/auxhook.st
y
Package: auxhook 2019-12-17 v1.6 Hooks for auxiliary files (HO)
)
(c:/Users/Jonee/AppData/Roaming/TinyTeX/texmf-dist/tex/latex/kvoptions/kvoption
s.sty
Package: kvoptions 2019/11/29 v3.13 Key value format for package options (HO)
)
\@linkdim=\dimen147
\Hy@linkcounter=\count272
\Hy@pagecounter=\count273

(c:/Users/Jonee/AppData/Roaming/TinyTeX/texmf-dist/tex/latex/hyperref/pd1enc.de
f
File: pd1enc.def 2020-05-15 v7.00e Hyperref: PDFDocEncoding definition (HO)
)
(c:/Users/Jonee/AppData/Roaming/TinyTeX/texmf-dist/tex/generic/intcalc/intcalc.
sty
Package: intcalc 2019/12/15 v1.3 Expandable calculations with integers (HO)
)
(c:/Users/Jonee/AppData/Roaming/TinyTeX/texmf-dist/tex/generic/etexcmds/etexcmd
s.sty
Package: etexcmds 2019/12/15 v1.7 Avoid name clashes with e-TeX commands (HO)
)
\Hy@SavedSpaceFactor=\count274
Package hyperref Info: Option `unicode' set `true' on input line 4338.

(c:/Users/Jonee/AppData/Roaming/TinyTeX/texmf-dist/tex/latex/hyperref/puenc.def
File: puenc.def 2020-05-15 v7.00e Hyperref: PDF Unicode definition (HO)
)
Package hyperref Info: Hyper figures OFF on input line 4464.
Package hyperref Info: Link nesting OFF on input line 4469.
Package hyperref Info: Hyper index ON on input line 4472.
Package hyperref Info: Plain pages OFF on input line 4479.
Package hyperref Info: Backreferencing OFF on input line 4484.
Package hyperref Info: Implicit mode ON; LaTeX internals redefined.
Package hyperref Info: Bookmarks ON on input line 4717.
\c@Hy@tempcnt=\count275
(c:/Users/Jonee/AppData/Roaming/TinyTeX/texmf-dist/tex/latex/url/url.sty
\Urlmuskip=\muskip18
Package: url 2013/09/16  ver 3.4  Verb mode for urls, etc.
)
LaTeX Info: Redefining \url on input line 5076.
\XeTeXLinkMargin=\dimen148

(c:/Users/Jonee/AppData/Roaming/TinyTeX/texmf-dist/tex/generic/bitset/bitset.st
y
Package: bitset 2019/12/09 v1.3 Handle bit-vector datatype (HO)

(c:/Users/Jonee/AppData/Roaming/TinyTeX/texmf-dist/tex/generic/bigintcalc/bigin
tcalc.sty
Package: bigintcalc 2019/12/15 v1.5 Expandable calculations on big integers (HO
)
))
\Fld@menulength=\count276
\Field@Width=\dimen149
\Fld@charsize=\dimen150
Package hyperref Info: Hyper figures OFF on input line 6347.
Package hyperref Info: Link nesting OFF on input line 6352.
Package hyperref Info: Hyper index ON on input line 6355.
Package hyperref Info: backreferencing OFF on input line 6362.
Package hyperref Info: Link coloring OFF on input line 6367.
Package hyperref Info: Link coloring with OCG OFF on input line 6372.
Package hyperref Info: PDF/A mode OFF on input line 6377.
LaTeX Info: Redefining \ref on input line 6417.
LaTeX Info: Redefining \pageref on input line 6421.

(c:/Users/Jonee/AppData/Roaming/TinyTeX/texmf-dist/tex/generic/atbegshi/atbegsh
i.sty
Package: atbegshi 2019/12/05 v1.19 At begin shipout hook (HO)
)
\Hy@abspage=\count277
\c@Item=\count278
\c@Hfootnote=\count279
)
Package hyperref Info: Driver (autodetected): hxetex.

(c:/Users/Jonee/AppData/Roaming/TinyTeX/texmf-dist/tex/latex/hyperref/hxetex.de
f
File: hxetex.def 2020-05-15 v7.00e Hyperref driver for XeTeX

(c:/Users/Jonee/AppData/Roaming/TinyTeX/texmf-dist/tex/generic/stringenc/string
enc.sty
Package: stringenc 2019/11/29 v1.12 Convert strings between diff. encodings (HO
)
)
\pdfm@box=\box48
\c@Hy@AnnotLevel=\count280
\HyField@AnnotCount=\count281
\Fld@listcount=\count282
\c@bookmark@seq@number=\count283

(c:/Users/Jonee/AppData/Roaming/TinyTeX/texmf-dist/tex/latex/rerunfilecheck/rer
unfilecheck.sty
Package: rerunfilecheck 2019/12/05 v1.9 Rerun checks for auxiliary files (HO)

(c:/Users/Jonee/AppData/Roaming/TinyTeX/texmf-dist/tex/latex/atveryend/atveryen
d.sty
Package: atveryend 2019-12-11 v1.11 Hooks at the very end of document (HO)
Package atveryend Info: \enddocument detected (standard20110627).
)
(c:/Users/Jonee/AppData/Roaming/TinyTeX/texmf-dist/tex/generic/uniquecounter/un
iquecounter.sty
Package: uniquecounter 2019/12/15 v1.4 Provide unlimited unique counter (HO)
)
Package uniquecounter Info: New unique counter `rerunfilecheck' on input line 2
86.
)
\Hy@SectionHShift=\skip52
)
(c:/Users/Jonee/AppData/Roaming/TinyTeX/texmf-dist/tex/latex/fancyvrb/fancyvrb.
sty
Package: fancyvrb 2020/05/03 v3.6 verbatim text (tvz,hv)
\FV@CodeLineNo=\count284
\FV@InFile=\read2
\FV@TabBox=\box49
\c@FancyVerbLine=\count285
\FV@StepNumber=\count286
\FV@OutFile=\write3
) (c:/Users/Jonee/AppData/Roaming/TinyTeX/texmf-dist/tex/latex/framed/framed.st
y
Package: framed 2011/10/22 v 0.96: framed or shaded text with page breaks
\OuterFrameSep=\skip53
\fb@frw=\dimen151
\fb@frh=\dimen152
\FrameRule=\dimen153
\FrameSep=\dimen154
)
(c:/Users/Jonee/AppData/Roaming/TinyTeX/texmf-dist/tex/latex/tools/longtable.st
y
Package: longtable 2020/01/07 v4.13 Multi-page Table package (DPC)
\LTleft=\skip54
\LTright=\skip55
\LTpre=\skip56
\LTpost=\skip57
\LTchunksize=\count287
\LTcapwidth=\dimen155
\LT@head=\box50
\LT@firsthead=\box51
\LT@foot=\box52
\LT@lastfoot=\box53
\LT@cols=\count288
\LT@rows=\count289
\c@LT@tables=\count290
\c@LT@chunks=\count291
\LT@p@ftn=\toks22
)
(c:/Users/Jonee/AppData/Roaming/TinyTeX/texmf-dist/tex/latex/booktabs/booktabs.
sty
Package: booktabs 2020/01/12 v1.61803398 Publication quality tables
\heavyrulewidth=\dimen156
\lightrulewidth=\dimen157
\cmidrulewidth=\dimen158
\belowrulesep=\dimen159
\belowbottomsep=\dimen160
\aboverulesep=\dimen161
\abovetopsep=\dimen162
\cmidrulesep=\dimen163
\cmidrulekern=\dimen164
\defaultaddspace=\dimen165
\@cmidla=\count292
\@cmidlb=\count293
\@aboverulesep=\dimen166
\@belowrulesep=\dimen167
\@thisruleclass=\count294
\@lastruleclass=\count295
\@thisrulewidth=\dimen168
)
(c:/Users/Jonee/AppData/Roaming/TinyTeX/texmf-dist/tex/latex/etoolbox/etoolbox.
sty
Package: etoolbox 2020/08/24 v2.5j e-TeX tools for LaTeX (JAW)
\etb@tempcnta=\count296
)
(c:/Users/Jonee/AppData/Roaming/TinyTeX/texmf-dist/tex/latex/mdwtools/footnote.
sty
Package: footnote 1997/01/28 1.13 Save footnotes around boxes
\fn@notes=\box54
\fn@width=\dimen169
)
(c:/Users/Jonee/AppData/Roaming/TinyTeX/texmf-dist/tex/latex/graphics/graphicx.
sty
Package: graphicx 2019/11/30 v1.2a Enhanced LaTeX Graphics (DPC,SPQR)

(c:/Users/Jonee/AppData/Roaming/TinyTeX/texmf-dist/tex/latex/graphics/graphics.
sty
Package: graphics 2019/11/30 v1.4a Standard LaTeX Graphics (DPC,SPQR)
(c:/Users/Jonee/AppData/Roaming/TinyTeX/texmf-dist/tex/latex/graphics/trig.sty
Package: trig 2016/01/03 v1.10 sin cos tan (DPC)
)
(c:/Users/Jonee/AppData/Roaming/TinyTeX/texmf-dist/tex/latex/graphics-cfg/graph
ics.cfg
File: graphics.cfg 2016/06/04 v1.11 sample graphics configuration
)
Package graphics Info: Driver file: xetex.def on input line 105.
)
\Gin@req@height=\dimen170
\Gin@req@width=\dimen171
)
(c:/Users/Jonee/AppData/Roaming/TinyTeX/texmf-dist/tex/latex/grffile/grffile.st
y
Package: grffile 2019/11/11 v2.1 Extended file name support for graphics (legac
y)
Package grffile Info: This package is an empty stub for compatibility on input 
line 40.
) (c:/Users/Jonee/AppData/Roaming/TinyTeX/texmf-dist/tex/latex/natbib/natbib.st
y
Package: natbib 2010/09/13 8.31b (PWD, AO)
\bibhang=\skip58
\bibsep=\skip59
LaTeX Info: Redefining \cite on input line 694.
\c@NAT@ctr=\count297
) (./Verification-Project-JASP.aux

LaTeX Warning: Label `fig:descJASP' multiply defined.


LaTeX Warning: Label `fig:descSPSS' multiply defined.


LaTeX Warning: Label `fig:descSAS' multiply defined.


LaTeX Warning: Label `results-overview' multiply defined.


LaTeX Warning: Label `by-hand' multiply defined.


LaTeX Warning: Label `jasp' multiply defined.


LaTeX Warning: Label `fig:isttJASP' multiply defined.


LaTeX Warning: Label `spss' multiply defined.


LaTeX Warning: Label `fig:isttSPSS' multiply defined.


LaTeX Warning: Label `sas' multiply defined.


LaTeX Warning: Label `minitab' multiply defined.


LaTeX Warning: Label `r' multiply defined.


LaTeX Warning: Label `fig:isttSAS' multiply defined.


LaTeX Warning: Label `fig:isttMinitab' multiply defined.


LaTeX Warning: Label `fig:isttMinitab2' multiply defined.


LaTeX Warning: Label `remarks' multiply defined.


LaTeX Warning: Label `references' multiply defined.


LaTeX Warning: Label `fig:mwtJASP' multiply defined.


LaTeX Warning: Label `fig:mwtSPSS' multiply defined.


LaTeX Warning: Label `fig:mwtSAS' multiply defined.


LaTeX Warning: Label `fig:mwtMinitab' multiply defined.


LaTeX Warning: Label `fig:psttJASP' multiply defined.


LaTeX Warning: Label `fig:psttSPSS' multiply defined.


LaTeX Warning: Label `fig:psttSAS' multiply defined.


LaTeX Warning: Label `fig:psttMinitab' multiply defined.


LaTeX Warning: Label `fig:WilcoxonJASP' multiply defined.


LaTeX Warning: Label `fig:WilcoxonSPSS' multiply defined.


LaTeX Warning: Label `fig:WilcoxonMinitab' multiply defined.


LaTeX Warning: Label `fig:osttJASP' multiply defined.


LaTeX Warning: Label `fig:osttSPSS' multiply defined.


LaTeX Warning: Label `fig:osttSAS' multiply defined.


LaTeX Warning: Label `fig:osttMinitab' multiply defined.


LaTeX Warning: Label `results-overview' multiply defined.


LaTeX Warning: Label `by-hand' multiply defined.


LaTeX Warning: Label `jasp' multiply defined.


LaTeX Warning: Label `fig:anovaJASP' multiply defined.


LaTeX Warning: Label `spss' multiply defined.


LaTeX Warning: Label `fig:anovaSPSS' multiply defined.


LaTeX Warning: Label `sas' multiply defined.


LaTeX Warning: Label `fig:anovaSAS' multiply defined.


LaTeX Warning: Label `minitab' multiply defined.


LaTeX Warning: Label `r' multiply defined.


LaTeX Warning: Label `fig:anovaMinitab' multiply defined.


LaTeX Warning: Label `remarks' multiply defined.


LaTeX Warning: Label `references' multiply defined.


LaTeX Warning: Label `results-overview-1' multiply defined.


LaTeX Warning: Label `by-hand-1' multiply defined.


LaTeX Warning: Label `jasp-1' multiply defined.


LaTeX Warning: Label `fig:FIanovaJASP' multiply defined.


LaTeX Warning: Label `spss-1' multiply defined.


LaTeX Warning: Label `sas-1' multiply defined.


LaTeX Warning: Label `minitab-1' multiply defined.


LaTeX Warning: Label `r-1' multiply defined.


LaTeX Warning: Label `fig:FIanovaSPSS' multiply defined.


LaTeX Warning: Label `fig:FIanovaSAS' multiply defined.


LaTeX Warning: Label `fig:FIanovaMinitab' multiply defined.


LaTeX Warning: Label `remarks-1' multiply defined.


LaTeX Warning: Label `references-1' multiply defined.


LaTeX Warning: Label `results-overview-2' multiply defined.


LaTeX Warning: Label `by-hand-2' multiply defined.


LaTeX Warning: Label `jasp-2' multiply defined.


LaTeX Warning: Label `spss-2' multiply defined.


LaTeX Warning: Label `fig:kwaJASP' multiply defined.


LaTeX Warning: Label `sas-2' multiply defined.


LaTeX Warning: Label `fig:kwaSPSS' multiply defined.


LaTeX Warning: Label `fig:kwaSAS' multiply defined.


LaTeX Warning: Label `fig:kwaMinitab' multiply defined.


LaTeX Warning: Label `minitab-2' multiply defined.


LaTeX Warning: Label `r-2' multiply defined.


LaTeX Warning: Label `remarks-2' multiply defined.


LaTeX Warning: Label `references-2' multiply defined.


LaTeX Warning: Label `results-overview-3' multiply defined.


LaTeX Warning: Label `by-hand-3' multiply defined.


LaTeX Warning: Label `jasp-3' multiply defined.


LaTeX Warning: Label `spss-3' multiply defined.


LaTeX Warning: Label `sas-3' multiply defined.


LaTeX Warning: Label `fig:ranovaJASP' multiply defined.


LaTeX Warning: Label `fig:ranovaSPSS' multiply defined.


LaTeX Warning: Label `fig:ranovaSAS' multiply defined.


LaTeX Warning: Label `minitab-3' multiply defined.


LaTeX Warning: Label `r-3' multiply defined.


LaTeX Warning: Label `fig:ranovaMinitab' multiply defined.


LaTeX Warning: Label `remarks-3' multiply defined.


LaTeX Warning: Label `results-overview-4' multiply defined.


LaTeX Warning: Label `by-hand-4' multiply defined.


LaTeX Warning: Label `fig:FriedmanJASP' multiply defined.


LaTeX Warning: Label `spss-4' multiply defined.


LaTeX Warning: Label `sas-4' multiply defined.


LaTeX Warning: Label `fig:FriedmanSPSS' multiply defined.


LaTeX Warning: Label `minitab-4' multiply defined.


LaTeX Warning: Label `r-4' multiply defined.


LaTeX Warning: Label `remarks-4' multiply defined.


LaTeX Warning: Label `fig:FriedmanMinitab' multiply defined.


LaTeX Warning: Label `fig:ancovaJASP' multiply defined.


LaTeX Warning: Label `fig:ancovaSPSS' multiply defined.


LaTeX Warning: Label `fig:ancovaSPSS2' multiply defined.


LaTeX Warning: Label `fig:ancovaSAS' multiply defined.


LaTeX Warning: Label `fig:ancovaMinitab' multiply defined.


LaTeX Warning: Label `fig:manovaJASP' multiply defined.


LaTeX Warning: Label `fig:manovaSPSS' multiply defined.


LaTeX Warning: Label `fig:manovaSPSS2' multiply defined.


LaTeX Warning: Label `fig:manovaSAS' multiply defined.


LaTeX Warning: Label `fig:manovaSAS2' multiply defined.


LaTeX Warning: Label `fig:manovaMinitab' multiply defined.


LaTeX Warning: Label `fig:manovaMinitab2' multiply defined.


LaTeX Warning: Label `results-overview' multiply defined.


LaTeX Warning: Label `jasp' multiply defined.


LaTeX Warning: Label `spss' multiply defined.


LaTeX Warning: Label `fig:lmmJASP' multiply defined.


LaTeX Warning: Label `sas' multiply defined.


LaTeX Warning: Label `fig:lmmSPSS' multiply defined.


LaTeX Warning: Label `minitab' multiply defined.


LaTeX Warning: Label `r' multiply defined.


LaTeX Warning: Label `fig:lmmSAS' multiply defined.


LaTeX Warning: Label `fig:lmmMinitab' multiply defined.


LaTeX Warning: Label `remarks' multiply defined.


LaTeX Warning: Label `references' multiply defined.


LaTeX Warning: Label `results-overview' multiply defined.


LaTeX Warning: Label `by-hand' multiply defined.


LaTeX Warning: Label `jasp' multiply defined.


LaTeX Warning: Label `spss' multiply defined.


LaTeX Warning: Label `fig:corrJASP' multiply defined.


LaTeX Warning: Label `fig:corrSPSS' multiply defined.


LaTeX Warning: Label `sas' multiply defined.


LaTeX Warning: Label `fig:corrSAS' multiply defined.


LaTeX Warning: Label `fig:corrMinitab' multiply defined.


LaTeX Warning: Label `fig:corrMinitab2' multiply defined.


LaTeX Warning: Label `minitab' multiply defined.


LaTeX Warning: Label `r' multiply defined.


LaTeX Warning: Label `remarks' multiply defined.


LaTeX Warning: Label `references' multiply defined.


LaTeX Warning: Label `results-overview-1' multiply defined.


LaTeX Warning: Label `by-hand-1' multiply defined.


LaTeX Warning: Label `jasp-1' multiply defined.


LaTeX Warning: Label `spss-1' multiply defined.


LaTeX Warning: Label `fig:RegressionJASP' multiply defined.


LaTeX Warning: Label `fig:RegressionJASPmeans' multiply defined.


LaTeX Warning: Label `sas-1' multiply defined.


LaTeX Warning: Label `minitab-1' multiply defined.


LaTeX Warning: Label `r-1' multiply defined.


LaTeX Warning: Label `fig:RegressionSPSS' multiply defined.


LaTeX Warning: Label `fig:RegressionSAS' multiply defined.


LaTeX Warning: Label `fig:RegressionSASmeans' multiply defined.


LaTeX Warning: Label `fig:RegressionMinitab' multiply defined.


LaTeX Warning: Label `fig:RegressionMinitabmeans' multiply defined.


LaTeX Warning: Label `remarks-1' multiply defined.


LaTeX Warning: Label `references-1' multiply defined.


LaTeX Warning: Label `results-overview-2' multiply defined.


LaTeX Warning: Label `jasp-2' multiply defined.


LaTeX Warning: Label `fig:LogRegJASP' multiply defined.


LaTeX Warning: Label `spss-2' multiply defined.


LaTeX Warning: Label `sas-2' multiply defined.


LaTeX Warning: Label `fig:LogRegSPSS' multiply defined.


LaTeX Warning: Label `minitab-2' multiply defined.


LaTeX Warning: Label `r-2' multiply defined.


LaTeX Warning: Label `fig:LogRegSAS' multiply defined.


LaTeX Warning: Label `fig:LogRegMinitab' multiply defined.


LaTeX Warning: Label `remarks-2' multiply defined.


LaTeX Warning: Label `results-overview' multiply defined.


LaTeX Warning: Label `by-hand' multiply defined.


LaTeX Warning: Label `jasp' multiply defined.


LaTeX Warning: Label `fig:BinomialTestJASP' multiply defined.


LaTeX Warning: Label `spss' multiply defined.


LaTeX Warning: Label `sas' multiply defined.


LaTeX Warning: Label `fig:BinomialTestSPSS' multiply defined.


LaTeX Warning: Label `fig:BinomialTestSAS' multiply defined.


LaTeX Warning: Label `minitab' multiply defined.


LaTeX Warning: Label `r' multiply defined.


LaTeX Warning: Label `fig:BinomialTestMinitab' multiply defined.


LaTeX Warning: Label `remarks' multiply defined.


LaTeX Warning: Label `references' multiply defined.


LaTeX Warning: Label `fig:mntJASP' multiply defined.


LaTeX Warning: Label `results-overview-1' multiply defined.


LaTeX Warning: Label `jasp-1' multiply defined.


LaTeX Warning: Label `spss-1' multiply defined.


LaTeX Warning: Label `sas-1' multiply defined.


LaTeX Warning: Label `minitab-1' multiply defined.


LaTeX Warning: Label `r-1' multiply defined.


LaTeX Warning: Label `remarks-1' multiply defined.


LaTeX Warning: Label `fig:mntSPSS' multiply defined.


LaTeX Warning: Label `fig:mntSAS' multiply defined.


LaTeX Warning: Label `fig:mntMinitab' multiply defined.


LaTeX Warning: Label `results-overview-2' multiply defined.


LaTeX Warning: Label `by-hand-1' multiply defined.


LaTeX Warning: Label `jasp-2' multiply defined.


LaTeX Warning: Label `fig:cstJASP' multiply defined.


LaTeX Warning: Label `spss-2' multiply defined.


LaTeX Warning: Label `fig:cstSPSS' multiply defined.


LaTeX Warning: Label `sas-2' multiply defined.


LaTeX Warning: Label `fig:cstSAS' multiply defined.


LaTeX Warning: Label `minitab-2' multiply defined.


LaTeX Warning: Label `r-2' multiply defined.


LaTeX Warning: Label `fig:cstMinitab' multiply defined.


LaTeX Warning: Label `remarks-2' multiply defined.


LaTeX Warning: Label `references-1' multiply defined.


LaTeX Warning: Label `results-overview' multiply defined.


LaTeX Warning: Label `jasp' multiply defined.


LaTeX Warning: Label `fig:pcaJASP' multiply defined.


LaTeX Warning: Label `spss' multiply defined.


LaTeX Warning: Label `fig:pcaSPSS' multiply defined.


LaTeX Warning: Label `sas' multiply defined.


LaTeX Warning: Label `fig:pcaSPSS' multiply defined.


LaTeX Warning: Label `fig:pcaSAS' multiply defined.


LaTeX Warning: Label `fig:pcaSAS' multiply defined.


LaTeX Warning: Label `minitab' multiply defined.


LaTeX Warning: Label `r' multiply defined.


LaTeX Warning: Label `fig:pcaSAS' multiply defined.


LaTeX Warning: Label `fig:pcaMinitab' multiply defined.


LaTeX Warning: Label `fig:pcaMinitab' multiply defined.


LaTeX Warning: Label `fig:pcaMinitab' multiply defined.


LaTeX Warning: Label `remarks' multiply defined.


LaTeX Warning: Label `references' multiply defined.


LaTeX Warning: Label `results-overview-1' multiply defined.


LaTeX Warning: Label `jasp-1' multiply defined.


LaTeX Warning: Label `spss-1' multiply defined.


LaTeX Warning: Label `fig:efaJASP' multiply defined.


LaTeX Warning: Label `sas-1' multiply defined.


LaTeX Warning: Label `fig:efaJASP2' multiply defined.


LaTeX Warning: Label `fig:efaJASP3' multiply defined.


LaTeX Warning: Label `fig:efaSPSS' multiply defined.


LaTeX Warning: Label `minitab-1' multiply defined.


LaTeX Warning: Label `fig:efaSPSS2' multiply defined.


LaTeX Warning: Label `fig:efaSAS' multiply defined.


LaTeX Warning: Label `r-1' multiply defined.


LaTeX Warning: Label `fig:efaSAS2' multiply defined.


LaTeX Warning: Label `remarks-1' multiply defined.


LaTeX Warning: Label `references-1' multiply defined.


LaTeX Warning: Label `results-overview' multiply defined.


LaTeX Warning: Label `jasp' multiply defined.


LaTeX Warning: Label `fig:reliJASP' multiply defined.


LaTeX Warning: Label `spss' multiply defined.


LaTeX Warning: Label `sas' multiply defined.


LaTeX Warning: Label `fig:reliSPSS' multiply defined.


LaTeX Warning: Label `minitab' multiply defined.


LaTeX Warning: Label `r' multiply defined.


LaTeX Warning: Label `fig:reliSPSS2' multiply defined.


LaTeX Warning: Label `fig:reliSAS' multiply defined.


LaTeX Warning: Label `fig:reliMinitab' multiply defined.


LaTeX Warning: Label `remarks' multiply defined.


LaTeX Warning: Label `references' multiply defined.


LaTeX Warning: Label `fig:reliMinitab2' multiply defined.

)
\openout1 = `Verification-Project-JASP.aux'.

LaTeX Font Info:    Checking defaults for OML/cmm/m/it on input line 118.
LaTeX Font Info:    ... okay on input line 118.
LaTeX Font Info:    Checking defaults for OMS/cmsy/m/n on input line 118.
LaTeX Font Info:    ... okay on input line 118.
LaTeX Font Info:    Checking defaults for OT1/cmr/m/n on input line 118.
LaTeX Font Info:    ... okay on input line 118.
LaTeX Font Info:    Checking defaults for T1/cmr/m/n on input line 118.
LaTeX Font Info:    ... okay on input line 118.
LaTeX Font Info:    Checking defaults for TS1/cmr/m/n on input line 118.
LaTeX Font Info:    ... okay on input line 118.
LaTeX Font Info:    Checking defaults for TU/lmr/m/n on input line 118.
LaTeX Font Info:    ... okay on input line 118.
LaTeX Font Info:    Checking defaults for OMX/cmex/m/n on input line 118.
LaTeX Font Info:    ... okay on input line 118.
LaTeX Font Info:    Checking defaults for U/cmr/m/n on input line 118.
LaTeX Font Info:    ... okay on input line 118.
LaTeX Font Info:    Checking defaults for PD1/pdf/m/n on input line 118.
LaTeX Font Info:    ... okay on input line 118.
LaTeX Font Info:    Checking defaults for PU/pdf/m/n on input line 118.
LaTeX Font Info:    ... okay on input line 118.
LaTeX Font Info:    Overwriting math alphabet `\mathrm' in version `normal'
(Font)                  OT1/lmr/m/n --> TU/lmr/m/n on input line 118.
LaTeX Font Info:    Overwriting math alphabet `\mathit' in version `normal'
(Font)                  OT1/lmr/m/it --> TU/lmr/m/it on input line 118.
LaTeX Font Info:    Overwriting math alphabet `\mathbf' in version `normal'
(Font)                  OT1/lmr/bx/n --> TU/lmr/bx/n on input line 118.
LaTeX Font Info:    Overwriting math alphabet `\mathsf' in version `normal'
(Font)                  OT1/lmss/m/n --> TU/lmss/m/n on input line 118.
LaTeX Font Info:    Overwriting math alphabet `\mathsf' in version `bold'
(Font)                  OT1/lmss/bx/n --> TU/lmss/bx/n on input line 118.
LaTeX Font Info:    Overwriting math alphabet `\mathtt' in version `normal'
(Font)                  OT1/lmtt/m/n --> TU/lmtt/m/n on input line 118.
LaTeX Font Info:    Overwriting math alphabet `\mathtt' in version `bold'
(Font)                  OT1/lmtt/m/n --> TU/lmtt/bx/n on input line 118.

Package fontspec Info: latinmodern-math scale = 0.9999964596882403.


Package fontspec Info: latinmodern-math scale = 0.9999964596882403.


Package fontspec Info: latinmodern-math scale = 0.9999964596882403.


Package fontspec Info: Font family 'latinmodern-math.otf(0)' created for font
(fontspec)             'latinmodern-math.otf' with options
(fontspec)             [Scale=MatchLowercase,BoldItalicFont={},ItalicFont={},Sm
allCapsFont={},Script=Math,BoldFont={latinmodern-math.otf}].
(fontspec)              
(fontspec)              This font family consists of the following NFSS
(fontspec)             series/shapes:
(fontspec)              
(fontspec)             - 'normal' (m/n) with NFSS spec.:
(fontspec)             <->s*[0.9999964596882403]"[latinmodern-math.otf]/OT:scri
pt=math;language=dflt;"
(fontspec)             - 'small caps'  (m/sc) with NFSS spec.: 
(fontspec)             - 'bold' (b/n) with NFSS spec.:
(fontspec)             <->s*[0.9999964596882403]"[latinmodern-math.otf]/OT:scri
pt=math;language=dflt;"
(fontspec)             - 'bold small caps'  (b/sc) with NFSS spec.: 

LaTeX Font Info:    Font shape `TU/latinmodern-math.otf(0)/m/n' will be
(Font)              scaled to size 10.0pt on input line 118.

Package fontspec Info: latinmodern-math scale = 0.9999964596882403.


Package fontspec Info: latinmodern-math scale = 0.9999964596882403.


Package fontspec Info: latinmodern-math scale = 0.9999964596882403.


Package fontspec Info: latinmodern-math scale = 0.9999964596882403.


Package fontspec Info: latinmodern-math scale = 0.9999964596882403.


Package fontspec Info: Font family 'latinmodern-math.otf(1)' created for font
(fontspec)             'latinmodern-math.otf' with options
(fontspec)             [Scale=MatchLowercase,BoldItalicFont={},ItalicFont={},Sm
allCapsFont={},Script=Math,SizeFeatures={{Size=8.5-},{Size=6-8.5,Font=latinmode
rn-math.otf,Style=MathScript},{Size=-6,Font=latinmodern-math.otf,Style=MathScri
ptScript}},BoldFont={latinmodern-math.otf}].
(fontspec)              
(fontspec)              This font family consists of the following NFSS
(fontspec)             series/shapes:
(fontspec)              
(fontspec)             - 'normal' (m/n) with NFSS spec.:
(fontspec)             <8.5->s*[0.9999964596882403]"[latinmodern-math.otf]/OT:s
cript=math;language=dflt;"<6-8.5>s*[0.9999964596882403]"[latinmodern-math.otf]/
OT:script=math;language=dflt;+ssty=0;"<-6>s*[0.9999964596882403]"[latinmodern-m
ath.otf]/OT:script=math;language=dflt;+ssty=1;"
(fontspec)             - 'small caps'  (m/sc) with NFSS spec.: 
(fontspec)             - 'bold' (b/n) with NFSS spec.:
(fontspec)             <->s*[0.9999964596882403]"[latinmodern-math.otf]/OT:scri
pt=math;language=dflt;"
(fontspec)             - 'bold small caps'  (b/sc) with NFSS spec.: 

LaTeX Font Info:    Font shape `TU/latinmodern-math.otf(1)/m/n' will be
(Font)              scaled to size 10.0pt on input line 118.
LaTeX Font Info:    Encoding `OT1' has changed to `TU' for symbol font
(Font)              `operators' in the math version `normal' on input line 118.

LaTeX Font Info:    Overwriting symbol font `operators' in version `normal'
(Font)                  OT1/lmr/m/n --> TU/latinmodern-math.otf(1)/m/n on input
 line 118.
LaTeX Font Info:    Encoding `OT1' has changed to `TU' for symbol font
(Font)              `operators' in the math version `bold' on input line 118.
LaTeX Font Info:    Overwriting symbol font `operators' in version `bold'
(Font)                  OT1/lmr/bx/n --> TU/latinmodern-math.otf(1)/b/n on inpu
t line 118.

Package fontspec Info: latinmodern-math scale = 0.9999964596882403.


Package fontspec Info: latinmodern-math scale = 1.000096459334209.


Package fontspec Info: latinmodern-math scale = 0.9999964596882403.


Package fontspec Info: latinmodern-math scale = 1.000096459334209.


Package fontspec Info: latinmodern-math scale = 0.9999964596882403.


Package fontspec Info: latinmodern-math scale = 1.000096459334209.


Package fontspec Info: latinmodern-math scale = 0.9999964596882403.


Package fontspec Info: latinmodern-math scale = 1.000096459334209.


Package fontspec Info: latinmodern-math scale = 0.9999964596882403.


Package fontspec Info: latinmodern-math scale = 1.000096459334209.


Package fontspec Info: Font family 'latinmodern-math.otf(2)' created for font
(fontspec)             'latinmodern-math.otf' with options
(fontspec)             [Scale=MatchLowercase,BoldItalicFont={},ItalicFont={},Sm
allCapsFont={},Script=Math,SizeFeatures={{Size=8.5-},{Size=6-8.5,Font=latinmode
rn-math.otf,Style=MathScript},{Size=-6,Font=latinmodern-math.otf,Style=MathScri
ptScript}},BoldFont={latinmodern-math.otf},ScaleAgain=1.0001,FontAdjustment={\f
ontdimen
(fontspec)             8\font =6.77pt\relax \fontdimen 9\font =3.94pt\relax
(fontspec)             \fontdimen 10\font =4.44pt\relax \fontdimen 11\font
(fontspec)             =6.86pt\relax \fontdimen 12\font =3.45pt\relax
(fontspec)             \fontdimen 13\font =3.63pt\relax \fontdimen 14\font
(fontspec)             =3.63pt\relax \fontdimen 15\font =2.89pt\relax
(fontspec)             \fontdimen 16\font =2.47pt\relax \fontdimen 17\font
(fontspec)             =2.47pt\relax \fontdimen 18\font =2.5pt\relax
(fontspec)             \fontdimen 19\font =2.0pt\relax \fontdimen 22\font
(fontspec)             =2.5pt\relax \fontdimen 20\font =0pt\relax \fontdimen
(fontspec)             21\font =0pt\relax }].
(fontspec)              
(fontspec)              This font family consists of the following NFSS
(fontspec)             series/shapes:
(fontspec)              
(fontspec)             - 'normal' (m/n) with NFSS spec.:
(fontspec)             <8.5->s*[1.000096459334209]"[latinmodern-math.otf]/OT:sc
ript=math;language=dflt;"<6-8.5>s*[1.000096459334209]"[latinmodern-math.otf]/OT
:script=math;language=dflt;+ssty=0;"<-6>s*[1.000096459334209]"[latinmodern-math
.otf]/OT:script=math;language=dflt;+ssty=1;"
(fontspec)             - 'small caps'  (m/sc) with NFSS spec.: 
(fontspec)             and font adjustment code:
(fontspec)             \fontdimen 8\font =6.77pt\relax \fontdimen 9\font
(fontspec)             =3.94pt\relax \fontdimen 10\font =4.44pt\relax
(fontspec)             \fontdimen 11\font =6.86pt\relax \fontdimen 12\font
(fontspec)             =3.45pt\relax \fontdimen 13\font =3.63pt\relax
(fontspec)             \fontdimen 14\font =3.63pt\relax \fontdimen 15\font
(fontspec)             =2.89pt\relax \fontdimen 16\font =2.47pt\relax
(fontspec)             \fontdimen 17\font =2.47pt\relax \fontdimen 18\font
(fontspec)             =2.5pt\relax \fontdimen 19\font =2.0pt\relax \fontdimen
(fontspec)             22\font =2.5pt\relax \fontdimen 20\font =0pt\relax
(fontspec)             \fontdimen 21\font =0pt\relax 
(fontspec)             - 'bold' (b/n) with NFSS spec.:
(fontspec)             <->s*[1.000096459334209]"[latinmodern-math.otf]/OT:scrip
t=math;language=dflt;"
(fontspec)             - 'bold small caps'  (b/sc) with NFSS spec.: 
(fontspec)             and font adjustment code:
(fontspec)             \fontdimen 8\font =6.77pt\relax \fontdimen 9\font
(fontspec)             =3.94pt\relax \fontdimen 10\font =4.44pt\relax
(fontspec)             \fontdimen 11\font =6.86pt\relax \fontdimen 12\font
(fontspec)             =3.45pt\relax \fontdimen 13\font =3.63pt\relax
(fontspec)             \fontdimen 14\font =3.63pt\relax \fontdimen 15\font
(fontspec)             =2.89pt\relax \fontdimen 16\font =2.47pt\relax
(fontspec)             \fontdimen 17\font =2.47pt\relax \fontdimen 18\font
(fontspec)             =2.5pt\relax \fontdimen 19\font =2.0pt\relax \fontdimen
(fontspec)             22\font =2.5pt\relax \fontdimen 20\font =0pt\relax
(fontspec)             \fontdimen 21\font =0pt\relax 

LaTeX Font Info:    Encoding `OMS' has changed to `TU' for symbol font
(Font)              `symbols' in the math version `normal' on input line 118.
LaTeX Font Info:    Overwriting symbol font `symbols' in version `normal'
(Font)                  OMS/lmsy/m/n --> TU/latinmodern-math.otf(2)/m/n on inpu
t line 118.
LaTeX Font Info:    Encoding `OMS' has changed to `TU' for symbol font
(Font)              `symbols' in the math version `bold' on input line 118.
LaTeX Font Info:    Overwriting symbol font `symbols' in version `bold'
(Font)                  OMS/lmsy/b/n --> TU/latinmodern-math.otf(2)/b/n on inpu
t line 118.

Package fontspec Info: latinmodern-math scale = 0.9999964596882403.


Package fontspec Info: latinmodern-math scale = 0.9998964600422715.


Package fontspec Info: latinmodern-math scale = 0.9999964596882403.


Package fontspec Info: latinmodern-math scale = 0.9998964600422715.


Package fontspec Info: latinmodern-math scale = 0.9999964596882403.


Package fontspec Info: latinmodern-math scale = 0.9998964600422715.


Package fontspec Info: latinmodern-math scale = 0.9999964596882403.


Package fontspec Info: latinmodern-math scale = 0.9998964600422715.


Package fontspec Info: latinmodern-math scale = 0.9999964596882403.


Package fontspec Info: latinmodern-math scale = 0.9998964600422715.


Package fontspec Info: Font family 'latinmodern-math.otf(3)' created for font
(fontspec)             'latinmodern-math.otf' with options
(fontspec)             [Scale=MatchLowercase,BoldItalicFont={},ItalicFont={},Sm
allCapsFont={},Script=Math,SizeFeatures={{Size=8.5-},{Size=6-8.5,Font=latinmode
rn-math.otf,Style=MathScript},{Size=-6,Font=latinmodern-math.otf,Style=MathScri
ptScript}},BoldFont={latinmodern-math.otf},ScaleAgain=0.9999,FontAdjustment={\f
ontdimen
(fontspec)             8\font =0.4pt\relax \fontdimen 9\font =2.0pt\relax
(fontspec)             \fontdimen 10\font =1.67pt\relax \fontdimen 11\font
(fontspec)             =1.11pt\relax \fontdimen 12\font =6.0pt\relax
(fontspec)             \fontdimen 13\font =0pt\relax }].
(fontspec)              
(fontspec)              This font family consists of the following NFSS
(fontspec)             series/shapes:
(fontspec)              
(fontspec)             - 'normal' (m/n) with NFSS spec.:
(fontspec)             <8.5->s*[0.9998964600422715]"[latinmodern-math.otf]/OT:s
cript=math;language=dflt;"<6-8.5>s*[0.9998964600422715]"[latinmodern-math.otf]/
OT:script=math;language=dflt;+ssty=0;"<-6>s*[0.9998964600422715]"[latinmodern-m
ath.otf]/OT:script=math;language=dflt;+ssty=1;"
(fontspec)             - 'small caps'  (m/sc) with NFSS spec.: 
(fontspec)             and font adjustment code:
(fontspec)             \fontdimen 8\font =0.4pt\relax \fontdimen 9\font
(fontspec)             =2.0pt\relax \fontdimen 10\font =1.67pt\relax
(fontspec)             \fontdimen 11\font =1.11pt\relax \fontdimen 12\font
(fontspec)             =6.0pt\relax \fontdimen 13\font =0pt\relax 
(fontspec)             - 'bold' (b/n) with NFSS spec.:
(fontspec)             <->s*[0.9998964600422715]"[latinmodern-math.otf]/OT:scri
pt=math;language=dflt;"
(fontspec)             - 'bold small caps'  (b/sc) with NFSS spec.: 
(fontspec)             and font adjustment code:
(fontspec)             \fontdimen 8\font =0.4pt\relax \fontdimen 9\font
(fontspec)             =2.0pt\relax \fontdimen 10\font =1.67pt\relax
(fontspec)             \fontdimen 11\font =1.11pt\relax \fontdimen 12\font
(fontspec)             =6.0pt\relax \fontdimen 13\font =0pt\relax 

LaTeX Font Info:    Encoding `OMX' has changed to `TU' for symbol font
(Font)              `largesymbols' in the math version `normal' on input line 1
18.
LaTeX Font Info:    Overwriting symbol font `largesymbols' in version `normal'
(Font)                  OMX/lmex/m/n --> TU/latinmodern-math.otf(3)/m/n on inpu
t line 118.
LaTeX Font Info:    Encoding `OMX' has changed to `TU' for symbol font
(Font)              `largesymbols' in the math version `bold' on input line 118
.
LaTeX Font Info:    Overwriting symbol font `largesymbols' in version `bold'
(Font)                  OMX/lmex/m/n --> TU/latinmodern-math.otf(3)/b/n on inpu
t line 118.
\AtBeginShipoutBox=\box55
Package hyperref Info: Link coloring OFF on input line 118.

(c:/Users/Jonee/AppData/Roaming/TinyTeX/texmf-dist/tex/latex/hyperref/nameref.s
ty
Package: nameref 2019/09/16 v2.46 Cross-referencing by name of section

(c:/Users/Jonee/AppData/Roaming/TinyTeX/texmf-dist/tex/latex/refcount/refcount.
sty
Package: refcount 2019/12/15 v3.6 Data extraction from label references (HO)
)
(c:/Users/Jonee/AppData/Roaming/TinyTeX/texmf-dist/tex/generic/gettitlestring/g
ettitlestring.sty
Package: gettitlestring 2019/12/15 v1.6 Cleanup title references (HO)
)
\c@section@level=\count298
)
LaTeX Info: Redefining \ref on input line 118.
LaTeX Info: Redefining \pageref on input line 118.
LaTeX Info: Redefining \nameref on input line 118.
(./Verification-Project-JASP.out) (./Verification-Project-JASP.out)
\@outlinefile=\write4
\openout4 = `Verification-Project-JASP.out'.

LaTeX Font Info:    Font shape `TU/latinmodern-math.otf(1)/m/n' will be
(Font)              scaled to size 12.0pt on input line 120.
LaTeX Font Info:    Font shape `TU/latinmodern-math.otf(1)/m/n' will be
(Font)              scaled to size 8.0pt on input line 120.
LaTeX Font Info:    Font shape `TU/latinmodern-math.otf(1)/m/n' will be
(Font)              scaled to size 6.0pt on input line 120.
LaTeX Font Info:    Trying to load font information for OML+lmm on input line 1
20.
(c:/Users/Jonee/AppData/Roaming/TinyTeX/texmf-dist/tex/latex/lm/omllmm.fd
File: omllmm.fd 2009/10/30 v1.6 Font defs for Latin Modern
)
LaTeX Font Info:    Font shape `TU/latinmodern-math.otf(2)/m/n' will be
(Font)              scaled to size 12.0011pt on input line 120.
LaTeX Font Info:    Font shape `TU/latinmodern-math.otf(2)/m/n' will be
(Font)              scaled to size 8.00073pt on input line 120.
LaTeX Font Info:    Font shape `TU/latinmodern-math.otf(2)/m/n' will be
(Font)              scaled to size 6.00055pt on input line 120.
LaTeX Font Info:    Font shape `TU/latinmodern-math.otf(3)/m/n' will be
(Font)              scaled to size 11.99872pt on input line 120.
LaTeX Font Info:    Font shape `TU/latinmodern-math.otf(3)/m/n' will be
(Font)              scaled to size 7.99915pt on input line 120.
LaTeX Font Info:    Font shape `TU/latinmodern-math.otf(3)/m/n' will be
(Font)              scaled to size 5.99936pt on input line 120.
LaTeX Font Info:    Trying to load font information for U+msa on input line 120
.
(c:/Users/Jonee/AppData/Roaming/TinyTeX/texmf-dist/tex/latex/amsfonts/umsa.fd
File: umsa.fd 2013/01/14 v3.01 AMS symbols A
)
LaTeX Font Info:    Trying to load font information for U+msb on input line 120
.
(c:/Users/Jonee/AppData/Roaming/TinyTeX/texmf-dist/tex/latex/amsfonts/umsb.fd
File: umsb.fd 2013/01/14 v3.01 AMS symbols B
) [1


] [2

] (./Verification-Project-JASP.toc
LaTeX Font Info:    Font shape `TU/latinmodern-math.otf(1)/m/n' will be
(Font)              scaled to size 7.0pt on input line 2.
LaTeX Font Info:    Font shape `TU/latinmodern-math.otf(1)/m/n' will be
(Font)              scaled to size 5.0pt on input line 2.
LaTeX Font Info:    Font shape `TU/latinmodern-math.otf(2)/m/n' will be
(Font)              scaled to size 10.00092pt on input line 2.
LaTeX Font Info:    Font shape `TU/latinmodern-math.otf(2)/m/n' will be
(Font)              scaled to size 7.00064pt on input line 2.
LaTeX Font Info:    Font shape `TU/latinmodern-math.otf(2)/m/n' will be
(Font)              scaled to size 5.00046pt on input line 2.
LaTeX Font Info:    Font shape `TU/latinmodern-math.otf(3)/m/n' will be
(Font)              scaled to size 9.99893pt on input line 2.
LaTeX Font Info:    Font shape `TU/latinmodern-math.otf(3)/m/n' will be
(Font)              scaled to size 6.99925pt on input line 2.
LaTeX Font Info:    Font shape `TU/latinmodern-math.otf(3)/m/n' will be
(Font)              scaled to size 4.99947pt on input line 2.
[3])
\tf@toc=\write5
\openout5 = `Verification-Project-JASP.toc'.

[4]
Chapter 1.
[5

] [6]
Chapter 2.
File: Screenshots/Descriptives/DescriptivesJASP.png Graphic file (type bmp)
<Screenshots/Descriptives/DescriptivesJASP.png>
[7

]
LaTeX Font Info:    Font shape `TU/lmtt/bx/n' in size <10> not available
(Font)              Font shape `TU/lmtt/b/n' tried instead on input line 232.
File: Screenshots/Descriptives/DescriptivesSPSS.png Graphic file (type bmp)
<Screenshots/Descriptives/DescriptivesSPSS.png>

LaTeX Warning: `!h' float specifier changed to `!ht'.


Underfull \vbox (badness 3281) has occurred while \output is active []

[8]
File: Screenshots/Descriptives/DescriptivesSAS.png Graphic file (type bmp)
<Screenshots/Descriptives/DescriptivesSAS.png>
File: Screenshots/Descriptives/DescriptivesMinitab.png Graphic file (type bmp)
<Screenshots/Descriptives/DescriptivesMinitab.png>
[9] [10]
Chapter 3.
[11

]
File: Screenshots/Independent Samples T test/isttJASP.png Graphic file (type bm
p)
<Screenshots/Independent Samples T test/isttJASP.png>
[12]
File: Screenshots/Independent Samples T test/isttSPSS.png Graphic file (type bm
p)
<Screenshots/Independent Samples T test/isttSPSS.png>
File: Screenshots/Independent Samples T test/isttSAS.png Graphic file (type bmp
)
<Screenshots/Independent Samples T test/isttSAS.png>

LaTeX Warning: `!h' float specifier changed to `!ht'.

File: Screenshots/Independent Samples T test/isttMinitab.png Graphic file (type
 bmp)
<Screenshots/Independent Samples T test/isttMinitab.png>

LaTeX Warning: `!h' float specifier changed to `!ht'.

File: Screenshots/Independent Samples T test/isttMinitab2.png Graphic file (typ
e bmp)
<Screenshots/Independent Samples T test/isttMinitab2.png>

LaTeX Warning: `!h' float specifier changed to `!ht'.


Overfull \hbox (101.25pt too wide) in paragraph at lines 461--461
[]\TU/lmtt/m/n/10 ## data:  subset(istt.data, Group == 1)$Score and subset(istt
.data, Group == 2)$Score[] 
 []


Overfull \hbox (17.25pt too wide) in paragraph at lines 461--461
[]\TU/lmtt/m/n/10 ## alternative hypothesis: true difference in means is not eq
ual to 0[] 
 []

[13]
Overfull \hbox (101.25pt too wide) in paragraph at lines 481--481
[]\TU/lmtt/m/n/10 ## data:  subset(istt.data, Group == 1)$Score and subset(istt
.data, Group == 2)$Score[] 
 []

[14]
Overfull \hbox (17.25pt too wide) in paragraph at lines 481--481
[]\TU/lmtt/m/n/10 ## alternative hypothesis: true difference in means is not eq
ual to 0[] 
 []


Underfull \vbox (badness 10000) has occurred while \output is active []

[15] [16]
File: Screenshots/Mann WHitney/mwtJASP.png Graphic file (type bmp)
<Screenshots/Mann WHitney/mwtJASP.png>

LaTeX Warning: `!h' float specifier changed to `!ht'.

[17]
File: Screenshots/Mann WHitney/mwtSPSS.png Graphic file (type bmp)
<Screenshots/Mann WHitney/mwtSPSS.png>

LaTeX Warning: `!h' float specifier changed to `!ht'.

File: Screenshots/Mann WHitney/mwtSAS.png Graphic file (type bmp)
<Screenshots/Mann WHitney/mwtSAS.png>

LaTeX Warning: `!h' float specifier changed to `!ht'.

File: Screenshots/Mann WHitney/mwtMinitab.png Graphic file (type bmp)
<Screenshots/Mann WHitney/mwtMinitab.png>

LaTeX Warning: `!h' float specifier changed to `!ht'.

[18] [19] [20]
File: Screenshots/Paired Samples T test/psttJASP.png Graphic file (type bmp)
<Screenshots/Paired Samples T test/psttJASP.png>

LaTeX Warning: `!h' float specifier changed to `!ht'.


Underfull \vbox (badness 2142) has occurred while \output is active []

[21]
File: Screenshots/Paired Samples T test/psttSPSS.png Graphic file (type bmp)
<Screenshots/Paired Samples T test/psttSPSS.png>

LaTeX Warning: `!h' float specifier changed to `!ht'.

[22]
File: Screenshots/Paired Samples T test/psttSAS.png Graphic file (type bmp)
<Screenshots/Paired Samples T test/psttSAS.png>
File: Screenshots/Paired Samples T test/psttMinitab.png Graphic file (type bmp)

<Screenshots/Paired Samples T test/psttMinitab.png>

LaTeX Warning: `!h' float specifier changed to `!ht'.


Overfull \hbox (17.25pt too wide) in paragraph at lines 759--759
[]\TU/lmtt/m/n/10 ## alternative hypothesis: true difference in means is not eq
ual to 0[] 
 []

[23]
Underfull \vbox (badness 7631) has occurred while \output is active []

[24]
File: Screenshots/Wilcoxon Test/WilcoxonJASP.png Graphic file (type bmp)
<Screenshots/Wilcoxon Test/WilcoxonJASP.png>

LaTeX Warning: `!h' float specifier changed to `!ht'.

[25]
File: Screenshots/Wilcoxon Test/WilcoxonSPSS.png Graphic file (type bmp)
<Screenshots/Wilcoxon Test/WilcoxonSPSS.png>

LaTeX Warning: `!h' float specifier changed to `!ht'.

File: Screenshots/Wilcoxon Test/WilcoxonMinitab.png Graphic file (type bmp)
<Screenshots/Wilcoxon Test/WilcoxonMinitab.png>

LaTeX Warning: `!h' float specifier changed to `!ht'.


Overfull \hbox (22.5pt too wide) in paragraph at lines 872--872
[]\TU/lmtt/m/n/10 ## Wilcoxon.data2$Treatment., : cannot compute exact p-value 
with ties[] 
 []

[26] [27] [28]
File: Screenshots/One Sample T test/osttJASP.png Graphic file (type bmp)
<Screenshots/One Sample T test/osttJASP.png>
File: Screenshots/One Sample T test/osttSPSS.png Graphic file (type bmp)
<Screenshots/One Sample T test/osttSPSS.png>

LaTeX Warning: `!h' float specifier changed to `!ht'.

File: Screenshots/One Sample T test/osttSAS.png Graphic file (type bmp)
<Screenshots/One Sample T test/osttSAS.png>

LaTeX Warning: `!h' float specifier changed to `!ht'.

File: Screenshots/One Sample T test/osttMinitab.png Graphic file (type bmp)
<Screenshots/One Sample T test/osttMinitab.png>
[29]

LaTeX Warning: `!h' float specifier changed to `!ht'.

[30] [31] [32

]
Chapter 4.

LaTeX Warning: Float too large for page by 17.31094pt on input line 1089.

[33] [34]
File: Screenshots/ANOVA/anovaJASP.png Graphic file (type bmp)
<Screenshots/ANOVA/anovaJASP.png>
File: Screenshots/ANOVA/anovaSPSS.png Graphic file (type bmp)
<Screenshots/ANOVA/anovaSPSS.png>

LaTeX Warning: `!h' float specifier changed to `!ht'.

[35]
File: Screenshots/ANOVA/anovaSAS.png Graphic file (type bmp)
<Screenshots/ANOVA/anovaSAS.png>
File: Screenshots/ANOVA/anovaMinitab.png Graphic file (type bmp)
<Screenshots/ANOVA/anovaMinitab.png>

LaTeX Warning: `!h' float specifier changed to `!ht'.

[36] [37]
Overfull \hbox (18.8701pt too wide) in paragraph at lines 1273--1282
 [][] 
 []

File: Screenshots/Factorial Independent ANOVA/FIanovaJASP.png Graphic file (typ
e bmp)
<Screenshots/Factorial Independent ANOVA/FIanovaJASP.png>
[38] [39]
File: Screenshots/Factorial Independent ANOVA/FIanovaSPSS.png Graphic file (typ
e bmp)
<Screenshots/Factorial Independent ANOVA/FIanovaSPSS.png>

LaTeX Warning: `!h' float specifier changed to `!ht'.

File: Screenshots/Factorial Independent ANOVA/FIanovaSAS.png Graphic file (type
 bmp)
<Screenshots/Factorial Independent ANOVA/FIanovaSAS.png>

LaTeX Warning: `!h' float specifier changed to `!ht'.

File: Screenshots/Factorial Independent ANOVA/FIanovaMinitab.png Graphic file (
type bmp)
<Screenshots/Factorial Independent ANOVA/FIanovaMinitab.png>

LaTeX Warning: `!h' float specifier changed to `!ht'.

[40]
Overfull \hbox (75.0pt too wide) in paragraph at lines 1383--1383
[]\TU/lmtt/m/n/10 ##                                            Df Sum Sq Mean 
Sq F value   Pr(>F)[] 
 []

[41]
Overfull \hbox (75.0pt too wide) in paragraph at lines 1383--1383
[]\TU/lmtt/m/n/10 ## FIanova.data2$Standing                      2   4994  2497
.1 209.642  < 2e-16[] 
 []


Overfull \hbox (75.0pt too wide) in paragraph at lines 1383--1383
[]\TU/lmtt/m/n/10 ## FIanova.data2$Norms                         1      4     4
.3   0.358    0.552[] 
 []


Overfull \hbox (75.0pt too wide) in paragraph at lines 1383--1383
[]\TU/lmtt/m/n/10 ## FIanova.data2$Standing:FIanova.data2$Norms  2    810   405
.1  34.007 2.76e-10[] 
 []


Underfull \vbox (badness 10000) has occurred while \output is active []

[42]
File: Screenshots/Kruskal-Wallis ANOVA/kwaJASP.png Graphic file (type bmp)
<Screenshots/Kruskal-Wallis ANOVA/kwaJASP.png>

LaTeX Warning: `!h' float specifier changed to `!ht'.

[43] [44]
File: Screenshots/Kruskal-Wallis ANOVA/kwaSPSS.png Graphic file (type bmp)
<Screenshots/Kruskal-Wallis ANOVA/kwaSPSS.png>

LaTeX Warning: `!h' float specifier changed to `!ht'.

File: Screenshots/Kruskal-Wallis ANOVA/kwaSAS.png Graphic file (type bmp)
<Screenshots/Kruskal-Wallis ANOVA/kwaSAS.png>

LaTeX Warning: `!h' float specifier changed to `!ht'.

File: Screenshots/Kruskal-Wallis ANOVA/kwaMinitab.png Graphic file (type bmp)
<Screenshots/Kruskal-Wallis ANOVA/kwaMinitab.png>

LaTeX Warning: `!h' float specifier changed to `!ht'.


Underfull \vbox (badness 10000) has occurred while \output is active []

[45]
Underfull \vbox (badness 10000) has occurred while \output is active []

[46]
Overfull \hbox (6.75pt too wide) in paragraph at lines 1518--1518
[]\TU/lmtt/m/n/10 ## Kruskal-Wallis chi-squared = 13.844, df = 2, p-value = 0.0
009857[] 
 []

[47]
Underfull \vbox (badness 3646) has occurred while \output is active []

[48]
File: Screenshots/Repeated Measures ANOVA/ranovaJASP.png Graphic file (type bmp
)
<Screenshots/Repeated Measures ANOVA/ranovaJASP.png>

LaTeX Warning: `!h' float specifier changed to `!ht'.

File: Screenshots/Repeated Measures ANOVA/ranovaSPSS.png Graphic file (type bmp
)
<Screenshots/Repeated Measures ANOVA/ranovaSPSS.png>

LaTeX Warning: `!h' float specifier changed to `!ht'.

[49]

LaTeX Warning: Text page 50 contains only floats.


Overfull \vbox (2.792pt too high) has occurred while \output is active []

[50]
File: Screenshots/Repeated Measures ANOVA/ranovaSAS.png Graphic file (type bmp)

<Screenshots/Repeated Measures ANOVA/ranovaSAS.png>
File: Screenshots/Repeated Measures ANOVA/ranovaMinitab.png Graphic file (type 
bmp)
<Screenshots/Repeated Measures ANOVA/ranovaMinitab.png>

LaTeX Warning: `!h' float specifier changed to `!ht'.


Overfull \hbox (48.75pt too wide) in paragraph at lines 1670--1670
[]\TU/lmtt/m/n/10 ## Error: as.factor(ranova.data2$Subject):as.factor(ranova.da
ta2$Condition)[] 
 []


Overfull \hbox (22.5pt too wide) in paragraph at lines 1670--1670
[]\TU/lmtt/m/n/10 ##                                   Df Sum Sq Mean Sq F valu
e  Pr(>F)[] 
 []


Overfull \hbox (38.25pt too wide) in paragraph at lines 1670--1670
[]\TU/lmtt/m/n/10 ## as.factor(ranova.data2$Condition)  1     20  20.000    22.
5 0.00105 **[] 
 []

[51]
Underfull \vbox (badness 1762) has occurred while \output is active []

[52]
File: Screenshots/Friedman Test/FriedmanJASP.png Graphic file (type bmp)
<Screenshots/Friedman Test/FriedmanJASP.png>
[53]
File: Screenshots/Friedman Test/FriedmanSPSS.png Graphic file (type bmp)
<Screenshots/Friedman Test/FriedmanSPSS.png>

LaTeX Warning: `!h' float specifier changed to `!ht'.

File: Screenshots/Friedman Test/FriedmanMinitab.png Graphic file (type bmp)
<Screenshots/Friedman Test/FriedmanMinitab.png>
[54]

LaTeX Warning: `!h' float specifier changed to `!ht'.


Overfull \hbox (85.5pt too wide) in paragraph at lines 1793--1793
[]\TU/lmtt/m/n/10 ## data:  Friedman.data2$Score, Friedman.data2$Treatment and 
Friedman.data2$Groups[] 
 []

[55]
File: Screenshots/ANCOVA/ancovaJASP.png Graphic file (type bmp)
<Screenshots/ANCOVA/ancovaJASP.png>

Underfull \vbox (badness 10000) has occurred while \output is active []

[56] [57]
File: Screenshots/ANCOVA/ancovaSPSS.png Graphic file (type bmp)
<Screenshots/ANCOVA/ancovaSPSS.png>

LaTeX Warning: `!h' float specifier changed to `!ht'.

File: Screenshots/ANCOVA/contrastsSPSS.png Graphic file (type bmp)
<Screenshots/ANCOVA/contrastsSPSS.png>

LaTeX Warning: `!h' float specifier changed to `!ht'.

[58]
File: Screenshots/ANCOVA/ancovaSAS.png Graphic file (type bmp)
<Screenshots/ANCOVA/ancovaSAS.png>

LaTeX Warning: `!h' float specifier changed to `!ht'.

File: Screenshots/ANCOVA/ancovaMinitab.png Graphic file (type bmp)
<Screenshots/ANCOVA/ancovaMinitab.png>

LaTeX Warning: `!h' float specifier changed to `!ht'.

[59]
Underfull \vbox (badness 10000) has occurred while \output is active []

[60] [61]
File: Screenshots/MANOVA/MANOVAjasp.png Graphic file (type bmp)
<Screenshots/MANOVA/MANOVAjasp.png>

LaTeX Warning: Float too large for page by 21.40587pt on input line 2028.


LaTeX Warning: `!h' float specifier changed to `!ht'.

File: Screenshots/MANOVA/MANOVAspss.png Graphic file (type bmp)
<Screenshots/MANOVA/MANOVAspss.png>

LaTeX Warning: `!h' float specifier changed to `!ht'.

File: Screenshots/MANOVA/ANOVASspss.png Graphic file (type bmp)
<Screenshots/MANOVA/ANOVASspss.png>

LaTeX Warning: `!h' float specifier changed to `!ht'.

[62] [63]
File: Screenshots/MANOVA/MANOVAsas.png Graphic file (type bmp)
<Screenshots/MANOVA/MANOVAsas.png>

LaTeX Warning: `!h' float specifier changed to `!ht'.

File: Screenshots/MANOVA/ANOVASsas.png Graphic file (type bmp)
<Screenshots/MANOVA/ANOVASsas.png>

LaTeX Warning: `!h' float specifier changed to `!ht'.

File: Screenshots/MANOVA/MANOVAminitab.png Graphic file (type bmp)
<Screenshots/MANOVA/MANOVAminitab.png>

LaTeX Warning: `!h' float specifier changed to `!ht'.

File: Screenshots/MANOVA/ANOVASminitab.png Graphic file (type bmp)
<Screenshots/MANOVA/ANOVASminitab.png>

LaTeX Warning: `!h' float specifier changed to `!ht'.


Overfull \hbox (17.25pt too wide) in paragraph at lines 2129--2129
[]\TU/lmtt/m/n/10 ##                  Df Hotelling-Lawley approx F num Df den D
f Pr(>F)[] 
 []


Overfull \hbox (27.75pt too wide) in paragraph at lines 2129--2129
[]\TU/lmtt/m/n/10 ## as.factor(Group)  2          0.40734   2.5459      4     5
0 0.0508 .[] 
 []

[64] [65] [66] [67] [68] [69] [70]
Chapter 5.
File: Screenshots/Linear Mixed Model/lmmJASP.png Graphic file (type bmp)
<Screenshots/Linear Mixed Model/lmmJASP.png>

LaTeX Warning: `!h' float specifier changed to `!ht'.

[71

]
File: Screenshots/Linear Mixed Model/lmmSPSS.png Graphic file (type bmp)
<Screenshots/Linear Mixed Model/lmmSPSS.png>

LaTeX Warning: `!h' float specifier changed to `!ht'.

File: Screenshots/Linear Mixed Model/lmmSAS.png Graphic file (type bmp)
<Screenshots/Linear Mixed Model/lmmSAS.png>

LaTeX Warning: `!h' float specifier changed to `!ht'.

File: Screenshots/Linear Mixed Model/lmmMinitab.png Graphic file (type bmp)
<Screenshots/Linear Mixed Model/lmmMinitab.png>
[72]

LaTeX Warning: `!h' float specifier changed to `!ht'.

[73]
Overfull \hbox (12.0pt too wide) in paragraph at lines 2281--2281
[]\TU/lmtt/m/n/10 ## Welcome to afex. For support visit: http://afex.singmann.s
cience/[] 
 []


Overfull \hbox (64.5pt too wide) in paragraph at lines 2292--2292
[]\TU/lmtt/m/n/10 ## - Methods for calculating p-values with mixed(): 'KR', 'S'
, 'LRT', and 'PB'[] 
 []


Overfull \hbox (85.5pt too wide) in paragraph at lines 2292--2292
[]\TU/lmtt/m/n/10 ## - 'afex_aov' and 'mixed' objects can be passed to emmeans(
) for follow-up tests[] 
 []

[74]
Overfull \hbox (27.75pt too wide) in paragraph at lines 2292--2292
[]\TU/lmtt/m/n/10 ## - Set orthogonal sum-to-zero contrasts globally: set_sum_c
ontrasts()[] 
 []

[75]
Overfull \hbox (64.5pt too wide) in paragraph at lines 2313--2313
[]\TU/lmtt/m/n/10 ## setting contr.sum globally: options(contrasts=c('contr.sum
', 'contr.poly'))[] 
 []

[76]
Chapter 6.

LaTeX Warning: Float too large for page by 684.20094pt on input line 2486.

File: Screenshots/Correlation/corrJASP.png Graphic file (type bmp)
<Screenshots/Correlation/corrJASP.png>

LaTeX Warning: `!h' float specifier changed to `!ht'.

[77

] [78]
File: Screenshots/Correlation/corrSPSS.png Graphic file (type bmp)
<Screenshots/Correlation/corrSPSS.png>

LaTeX Warning: `!h' float specifier changed to `!ht'.


Underfull \vbox (badness 5667) has occurred while \output is active []

[79]
Underfull \vbox (badness 10000) has occurred while \output is active []

[80]
File: Screenshots/Correlation/corrSAS.png Graphic file (type bmp)
<Screenshots/Correlation/corrSAS.png>
File: Screenshots/Correlation/corrMinitab.png Graphic file (type bmp)
<Screenshots/Correlation/corrMinitab.png>

LaTeX Warning: `!h' float specifier changed to `!ht'.

File: Screenshots/Correlation/corrMinitab2.png Graphic file (type bmp)
<Screenshots/Correlation/corrMinitab2.png>

LaTeX Warning: `!h' float specifier changed to `!ht'.


Underfull \vbox (badness 10000) has occurred while \output is active []

[81] [82]
Overfull \hbox (64.5pt too wide) in paragraph at lines 2602--2602
[]\TU/lmtt/m/n/10 ## Warning in cor.test.default(corr.data$X, corr.data$Y, meth
od = "spearman"):[] 
 []

[83]

LaTeX Warning: Float too large for page by 684.20094pt on input line 2770.


Overfull \hbox (34.98012pt too wide) in paragraph at lines 2779--2788
 [][] 
 []

File: Screenshots/Regression/RegressionJASP.png Graphic file (type bmp)
<Screenshots/Regression/RegressionJASP.png>

LaTeX Warning: `!h' float specifier changed to `!ht'.

File: Screenshots/Regression/RegressionJASPmeans.png Graphic file (type bmp)
<Screenshots/Regression/RegressionJASPmeans.png>

LaTeX Warning: `!h' float specifier changed to `!ht'.

[84] [85]
File: Screenshots/Regression/RegressionSPSS.png Graphic file (type bmp)
<Screenshots/Regression/RegressionSPSS.png>

LaTeX Warning: `!h' float specifier changed to `!ht'.

[86]
File: Screenshots/Regression/RegressionSAS.png Graphic file (type bmp)
<Screenshots/Regression/RegressionSAS.png>

LaTeX Warning: `!h' float specifier changed to `!ht'.

File: Screenshots/Regression/RegressionSASmeans.png Graphic file (type bmp)
<Screenshots/Regression/RegressionSASmeans.png>

LaTeX Warning: `!h' float specifier changed to `!ht'.

File: Screenshots/Regression/RegressionMinitab.png Graphic file (type bmp)
<Screenshots/Regression/RegressionMinitab.png>

LaTeX Warning: `!h' float specifier changed to `!ht'.

File: Screenshots/Regression/RegressionMinitabmeans.png Graphic file (type bmp)

<Screenshots/Regression/RegressionMinitabmeans.png>

LaTeX Warning: `!h' float specifier changed to `!ht'.

[87] [88]
Underfull \vbox (badness 10000) has occurred while \output is active []

[89]
Underfull \vbox (badness 10000) has occurred while \output is active []

[90] [91]
File: Screenshots/Logistic Regression/LogRegJASP.png Graphic file (type bmp)
<Screenshots/Logistic Regression/LogRegJASP.png>
File: Screenshots/Logistic Regression/LogRegSPSS.png Graphic file (type bmp)
<Screenshots/Logistic Regression/LogRegSPSS.png>

LaTeX Warning: `!h' float specifier changed to `!ht'.

File: Screenshots/Logistic Regression/LogRegSAS.png Graphic file (type bmp)
<Screenshots/Logistic Regression/LogRegSAS.png>

LaTeX Warning: `!h' float specifier changed to `!ht'.

File: Screenshots/Logistic Regression/LogRegMinitab.png Graphic file (type bmp)

<Screenshots/Logistic Regression/LogRegMinitab.png>
[92]

LaTeX Warning: `!h' float specifier changed to `!ht'.


Overfull \hbox (27.75pt too wide) in paragraph at lines 3063--3063
[]\TU/lmtt/m/n/10 ## glm(formula = factor(Survived) ~ Age + factor(PClass) + fa
ctor(Sex),[] 
 []

[93] [94]
Overfull \hbox (85.5pt too wide) in paragraph at lines 3074--3074
[]\TU/lmtt/m/n/10 ##     (Intercept)             Age factor(PClass)1 factor(PCl
ass)2    factor(Sex)1[] 
 []


Overfull \hbox (85.5pt too wide) in paragraph at lines 3074--3074
[]\TU/lmtt/m/n/10 ##       3.2312094       0.9615807       3.5648686       0.97
93803       3.7272788[] 
 []

[95] [96

]
Chapter 7.
[97]
File: Screenshots/Binomial Test/BinomialTestJASP.png Graphic file (type bmp)
<Screenshots/Binomial Test/BinomialTestJASP.png>
File: Screenshots/Binomial Test/BinomialTestSPSS.png Graphic file (type bmp)
<Screenshots/Binomial Test/BinomialTestSPSS.png>

LaTeX Warning: `!h' float specifier changed to `!ht'.

File: Screenshots/Binomial Test/BinomialTestSAS.png Graphic file (type bmp)
<Screenshots/Binomial Test/BinomialTestSAS.png>

LaTeX Warning: `!h' float specifier changed to `!ht'.

File: Screenshots/Binomial Test/BinomialTestMinitab.png Graphic file (type bmp)

<Screenshots/Binomial Test/BinomialTestMinitab.png>
[98]

LaTeX Warning: `!h' float specifier changed to `!ht'.


Underfull \vbox (badness 1163) has occurred while \output is active []

[99]
Overfull \hbox (17.25pt too wide) in paragraph at lines 3198--3198
[]\TU/lmtt/m/n/10 ## number of successes = 7, number of trials = 10, p-value = 
0.003506[] 
 []


Overfull \hbox (48.75pt too wide) in paragraph at lines 3198--3198
[]\TU/lmtt/m/n/10 ## alternative hypothesis: true probability of success is gre
ater than 0.25[] 
 []


Underfull \vbox (badness 10000) has occurred while \output is active []

[100]
File: Screenshots/Multinomial Test/mntJASP.png Graphic file (type bmp)
<Screenshots/Multinomial Test/mntJASP.png>

LaTeX Warning: `!h' float specifier changed to `!ht'.


Underfull \vbox (badness 1325) has occurred while \output is active []

[101]
Underfull \vbox (badness 10000) has occurred while \output is active []

[102]
File: Screenshots/Multinomial Test/mntSPSS.png Graphic file (type bmp)
<Screenshots/Multinomial Test/mntSPSS.png>

LaTeX Warning: `!h' float specifier changed to `!ht'.

File: Screenshots/Multinomial Test/mntSAS.png Graphic file (type bmp)
<Screenshots/Multinomial Test/mntSAS.png>

LaTeX Warning: `!h' float specifier changed to `!ht'.

File: Screenshots/Multinomial Test/mntMinitab.png Graphic file (type bmp)
<Screenshots/Multinomial Test/mntMinitab.png>

LaTeX Warning: `!h' float specifier changed to `!ht'.


Overfull \hbox (75.0pt too wide) in paragraph at lines 3324--3324
[]\TU/lmtt/m/n/10 ## Warning in chisq.test(MNsample$Count, p = Pdist$p): Chi-sq
uared approximation[] 
 []

[103] [104] [105]
File: Screenshots/Chi Squared/ChiSquaredJASP.png Graphic file (type bmp)
<Screenshots/Chi Squared/ChiSquaredJASP.png>

Underfull \vbox (badness 3590) has occurred while \output is active []

[106]
File: Screenshots/Chi Squared/ChiSquaredSPSS.png Graphic file (type bmp)
<Screenshots/Chi Squared/ChiSquaredSPSS.png>
File: Screenshots/Chi Squared/ChiSquaredSAS.png Graphic file (type bmp)
<Screenshots/Chi Squared/ChiSquaredSAS.png>

LaTeX Warning: `!h' float specifier changed to `!ht'.

File: Screenshots/Chi Squared/ChiSquaredMinitab.png Graphic file (type bmp)
<Screenshots/Chi Squared/ChiSquaredMinitab.png>

LaTeX Warning: `!h' float specifier changed to `!ht'.

[107] [108] [109] [110

]
Chapter 8.
File: Screenshots/Principal Component Analysis/pcaJASPissue.png Graphic file (t
ype bmp)
<Screenshots/Principal Component Analysis/pcaJASPissue.png>

Underfull \vbox (badness 2744) has occurred while \output is active []

[111] [112]
File: Screenshots/Principal Component Analysis/pcaSPSS1.png Graphic file (type 
bmp)
<Screenshots/Principal Component Analysis/pcaSPSS1.png>
File: Screenshots/Principal Component Analysis/pcaSPSS2.png Graphic file (type 
bmp)
<Screenshots/Principal Component Analysis/pcaSPSS2.png>

LaTeX Warning: `!h' float specifier changed to `!ht'.

File: Screenshots/Principal Component Analysis/pcaSAS1.png Graphic file (type b
mp)
<Screenshots/Principal Component Analysis/pcaSAS1.png>

LaTeX Warning: `!h' float specifier changed to `!ht'.

File: Screenshots/Principal Component Analysis/pcaSAS2.png Graphic file (type b
mp)
<Screenshots/Principal Component Analysis/pcaSAS2.png>

LaTeX Warning: `!h' float specifier changed to `!ht'.

File: Screenshots/Principal Component Analysis/pcaSAS3.png Graphic file (type b
mp)
<Screenshots/Principal Component Analysis/pcaSAS3.png>

LaTeX Warning: `!h' float specifier changed to `!ht'.

File: Screenshots/Principal Component Analysis/pcaMinitab1.png Graphic file (ty
pe bmp)
<Screenshots/Principal Component Analysis/pcaMinitab1.png>
[113]

LaTeX Warning: `!h' float specifier changed to `!ht'.

File: Screenshots/Principal Component Analysis/pcaMinitab2.png Graphic file (ty
pe bmp)
<Screenshots/Principal Component Analysis/pcaMinitab2.png>

LaTeX Warning: `!h' float specifier changed to `!ht'.

File: Screenshots/Principal Component Analysis/pcaMinitab3.png Graphic file (ty
pe bmp)
<Screenshots/Principal Component Analysis/pcaMinitab3.png>

LaTeX Warning: `!h' float specifier changed to `!ht'.

[114]
Overfull \hbox (122.25pt too wide) in paragraph at lines 3616--3616
[]\TU/lmtt/m/n/10 ## Welcome! Want to learn more? See two factoextra-related bo
oks at https://goo.gl/ve3WBa[] 
 []

[115] [116] [117] [118]
File: Verification-Project-JASP_files/figure-latex/unnamed-chunk-120-1.pdf Grap
hic file (type pdf)
<use Verification-Project-JASP_files/figure-latex/unnamed-chunk-120-1.pdf>

Overfull \hbox (1.5pt too wide) in paragraph at lines 3711--3711
[]\TU/lmtt/m/n/10 ## Call: principal(r = PCA.data, nfactors = 4, rotate = "vari
max")[] 
 []


Overfull \hbox (27.75pt too wide) in paragraph at lines 3711--3711
[]\TU/lmtt/m/n/10 ## Standardized loadings (pattern matrix) based upon correlat
ion matrix[] 
 []

[119] [120]
File: Screenshots/Exploratory Factor Analysis/efaJASP1.png Graphic file (type b
mp)
<Screenshots/Exploratory Factor Analysis/efaJASP1.png>

LaTeX Warning: `!h' float specifier changed to `!ht'.

File: Screenshots/Exploratory Factor Analysis/efaJASP2.png Graphic file (type b
mp)
<Screenshots/Exploratory Factor Analysis/efaJASP2.png>

LaTeX Warning: `!h' float specifier changed to `!ht'.

File: Screenshots/Exploratory Factor Analysis/efaJASP3.png Graphic file (type b
mp)
<Screenshots/Exploratory Factor Analysis/efaJASP3.png>

LaTeX Warning: `!h' float specifier changed to `!ht'.

File: Screenshots/Exploratory Factor Analysis/efaSPSS1.png Graphic file (type b
mp)
<Screenshots/Exploratory Factor Analysis/efaSPSS1.png>

LaTeX Warning: `!h' float specifier changed to `!ht'.

File: Screenshots/Exploratory Factor Analysis/efaSPSS2.png Graphic file (type b
mp)
<Screenshots/Exploratory Factor Analysis/efaSPSS2.png>

LaTeX Warning: `!h' float specifier changed to `!ht'.


Underfull \vbox (badness 1371) has occurred while \output is active []

[121]
Underfull \vbox (badness 10000) detected at line 3807
 []


Underfull \vbox (badness 10000) has occurred while \output is active []

[122]
File: Screenshots/Exploratory Factor Analysis/efaSAS1.png Graphic file (type bm
p)
<Screenshots/Exploratory Factor Analysis/efaSAS1.png>

LaTeX Warning: `!h' float specifier changed to `!ht'.

File: Screenshots/Exploratory Factor Analysis/efaSAS2.png Graphic file (type bm
p)
<Screenshots/Exploratory Factor Analysis/efaSAS2.png>

LaTeX Warning: `!h' float specifier changed to `!ht'.


Underfull \vbox (badness 10000) has occurred while \output is active []

[123]
Underfull \vbox (badness 10000) has occurred while \output is active []

[124]
Overfull \hbox (43.5pt too wide) in paragraph at lines 3836--3836
[]\TU/lmtt/m/n/10 ## Warning: factor.pa is deprecated. Please use the fa functi
on with fm=pa[] 
 []


Overfull \hbox (1.5pt too wide) in paragraph at lines 3933--3933
[]\TU/lmtt/m/n/10 ## Call: factor.pa(r = EFA.data, nfactors = 4, rotate = "vari
max")[] 
 []


Overfull \hbox (33.0pt too wide) in paragraph at lines 3933--3933
[]\TU/lmtt/m/n/10 ## Unstandardized loadings (pattern matrix) based upon covari
ance matrix[] 
 []

[125] [126] [127]
Overfull \hbox (285.0pt too wide) in paragraph at lines 3933--3933
[]\TU/lmtt/m/n/10 ## The degrees of freedom for the null model are  253  and th
e objective function was  7.55 with Chi Square of  19334.49[] 
 []


Overfull \hbox (101.25pt too wide) in paragraph at lines 3933--3933
[]\TU/lmtt/m/n/10 ## The degrees of freedom for the model are 167  and the obje
ctive function was  0.46[] 
 []


Overfull \hbox (216.75pt too wide) in paragraph at lines 3933--3933
[]\TU/lmtt/m/n/10 ## The harmonic number of observations is  2571 with the empi
rical chi square  880.48  with prob <  2.3e-97[] 
 []


Overfull \hbox (216.75pt too wide) in paragraph at lines 3933--3933
[]\TU/lmtt/m/n/10 ## The total number of observations was  2571  with Likelihoo
d Chi Square =  1166.49  with prob <  2.1e-149[] 
 []


Overfull \hbox (48.75pt too wide) in paragraph at lines 3933--3933
[]\TU/lmtt/m/n/10 ## RMSEA index =  0.048  and the 90 % confidence intervals ar
e  0.046 0.051[] 
 []


Overfull \hbox (33.0pt too wide) in paragraph at lines 3933--3933
[]\TU/lmtt/m/n/10 ##                                                    PA1  PA
3  PA4  PA2[] 
 []


Overfull \hbox (33.0pt too wide) in paragraph at lines 3933--3933
[]\TU/lmtt/m/n/10 ## Correlation of (regression) scores with factors   0.83 0.8
6 0.86 0.77[] 
 []


Overfull \hbox (33.0pt too wide) in paragraph at lines 3933--3933
[]\TU/lmtt/m/n/10 ## Multiple R square of scores with factors          0.69 0.7
3 0.74 0.59[] 
 []


Overfull \hbox (33.0pt too wide) in paragraph at lines 3933--3933
[]\TU/lmtt/m/n/10 ## Minimum correlation of possible factor scores     0.37 0.4
6 0.49 0.19[] 
 []

[128]
Chapter 9.
File: Screenshots/Reliability/ReliabilityJASP.png Graphic file (type bmp)
<Screenshots/Reliability/ReliabilityJASP.png>

Underfull \vbox (badness 2717) has occurred while \output is active []

[129

]
File: Screenshots/Reliability/ReliabilitySPSS1.png Graphic file (type bmp)
<Screenshots/Reliability/ReliabilitySPSS1.png>

LaTeX Warning: `!h' float specifier changed to `!ht'.

File: Screenshots/Reliability/ReliabilitySPSS2.png Graphic file (type bmp)
<Screenshots/Reliability/ReliabilitySPSS2.png>

LaTeX Warning: `!h' float specifier changed to `!ht'.

File: Screenshots/Reliability/ReliabilitySAS.png Graphic file (type bmp)
<Screenshots/Reliability/ReliabilitySAS.png>

LaTeX Warning: `!h' float specifier changed to `!ht'.

File: Screenshots/Reliability/ReliabilityMinitab1.png Graphic file (type bmp)
<Screenshots/Reliability/ReliabilityMinitab1.png>
[130]

LaTeX Warning: `!h' float specifier changed to `!ht'.

File: Screenshots/Reliability/ReliabilityMinitab2.png Graphic file (type bmp)
<Screenshots/Reliability/ReliabilityMinitab2.png>

LaTeX Warning: `!h' float specifier changed to `!ht'.


Overfull \hbox (33.0pt too wide) in paragraph at lines 4081--4081
[]\TU/lmtt/m/n/10 ##   raw_alpha std.alpha G6(smc) average_r S/N    ase mean   
sd median_r[] 
 []


Overfull \hbox (27.75pt too wide) in paragraph at lines 4081--4081
[]\TU/lmtt/m/n/10 ##       0.76      0.76    0.74      0.31 3.1 0.0072  2.5 0.6
2      0.3[] 
 []

[131]
Overfull \hbox (80.25pt too wide) in paragraph at lines 4081--4081
[]\TU/lmtt/m/n/10 ##                raw_alpha std.alpha G6(smc) average_r S/N a
lpha se  var.r med.r[] 
 []


Overfull \hbox (80.25pt too wide) in paragraph at lines 4081--4081
[]\TU/lmtt/m/n/10 ## ..Question_01      0.73      0.72    0.70      0.30 2.6  
 0.0082 0.0079  0.28[] 
 []


Overfull \hbox (80.25pt too wide) in paragraph at lines 4081--4081
[]\TU/lmtt/m/n/10 ## Question_04         0.71      0.71    0.69      0.29 2.5  
 0.0086 0.0074  0.28[] 
 []


Overfull \hbox (80.25pt too wide) in paragraph at lines 4081--4081
[]\TU/lmtt/m/n/10 ## Question_05         0.72      0.72    0.70      0.30 2.6  
 0.0082 0.0091  0.30[] 
 []


Overfull \hbox (80.25pt too wide) in paragraph at lines 4081--4081
[]\TU/lmtt/m/n/10 ## Question_06         0.73      0.73    0.70      0.31 2.7  
 0.0081 0.0065  0.31[] 
 []


Overfull \hbox (80.25pt too wide) in paragraph at lines 4081--4081
[]\TU/lmtt/m/n/10 ## Question_07         0.70      0.71    0.68      0.29 2.4  
 0.0090 0.0067  0.27[] 
 []


Overfull \hbox (80.25pt too wide) in paragraph at lines 4081--4081
[]\TU/lmtt/m/n/10 ## Question_08         0.74      0.74    0.72      0.32 2.9  
 0.0078 0.0083  0.31[] 
 []


Overfull \hbox (80.25pt too wide) in paragraph at lines 4081--4081
[]\TU/lmtt/m/n/10 ## Question_10         0.75      0.75    0.73      0.34 3.0  
 0.0076 0.0071  0.33[] 
 []

[132]
Underfull \vbox (badness 1715) has occurred while \output is active []

[133]
No file Verification-Project-JASP.bbl.
Package atveryend Info: Empty hook `BeforeClearDocument' on input line 4105.
[134] [135]
Package atveryend Info: Empty hook `AfterLastShipout' on input line 4105.
(./Verification-Project-JASP.aux)
Package atveryend Info: Empty hook `AtVeryEndDocument' on input line 4105.
Package atveryend Info: Executing hook `AtEndAfterFileList' on input line 4105.

Package rerunfilecheck Info: File `Verification-Project-JASP.out' has not chang
ed.
(rerunfilecheck)             Checksum: 9526C0C82484F573008F104D8AD4C1AC;4836.

LaTeX Warning: There were multiply-defined labels.

Package atveryend Info: Empty hook `AtVeryVeryEnd' on input line 4105.
 ) 
Here is how much of TeX's memory you used:
 18883 strings out of 481691
 363866 string characters out of 5931918
 741120 words of memory out of 5000000
 35605 multiletter control sequences out of 15000+600000
 541571 words of font info for 86 fonts, out of 8000000 for 9000
 14 hyphenation exceptions out of 8191
 52i,8n,118p,1201b,465s stack positions out of 5000i,500n,10000p,200000b,80000s

Output written on Verification-Project-JASP.pdf (135 pages).
